[0.012s] Invoking command in '/home/server/dev_ws/build/realsense_gazebo_plugin': /usr/bin/cmake --build /home/server/dev_ws/build/realsense_gazebo_plugin -- -j8 -l8
[0.086s] [100%] Built target realsense_gazebo_plugin
[0.095s] Invoked command in '/home/server/dev_ws/build/realsense_gazebo_plugin' returned '0': /usr/bin/cmake --build /home/server/dev_ws/build/realsense_gazebo_plugin -- -j8 -l8
[0.148s] Invoking command in '/home/server/dev_ws/build/realsense_gazebo_plugin': /usr/bin/cmake --install /home/server/dev_ws/build/realsense_gazebo_plugin
[0.155s] -- Install configuration: ""
[0.155s] -- Up-to-date: /home/server/dev_ws/install/realsense_gazebo_plugin/lib/librealsense_gazebo_plugin.so
[0.155s] -- Up-to-date: /home/server/dev_ws/install/realsense_gazebo_plugin/include/
[0.155s] -- Up-to-date: /home/server/dev_ws/install/realsense_gazebo_plugin/include//realsense_gazebo_plugin
[0.156s] -- Up-to-date: /home/server/dev_ws/install/realsense_gazebo_plugin/include//realsense_gazebo_plugin/gazebo_ros_realsense.h
[0.156s] -- Up-to-date: /home/server/dev_ws/install/realsense_gazebo_plugin/include//realsense_gazebo_plugin/RealSensePlugin.h
[0.156s] -- Up-to-date: /home/server/dev_ws/install/realsense_gazebo_plugin/share/realsense_gazebo_plugin/environment/library_path.sh
[0.156s] -- Up-to-date: /home/server/dev_ws/install/realsense_gazebo_plugin/share/realsense_gazebo_plugin/environment/library_path.dsv
[0.156s] -- Up-to-date: /home/server/dev_ws/install/realsense_gazebo_plugin/share/ament_index/resource_index/package_run_dependencies/realsense_gazebo_plugin
[0.156s] -- Up-to-date: /home/server/dev_ws/install/realsense_gazebo_plugin/share/ament_index/resource_index/parent_prefix_path/realsense_gazebo_plugin
[0.156s] -- Up-to-date: /home/server/dev_ws/install/realsense_gazebo_plugin/share/realsense_gazebo_plugin/environment/ament_prefix_path.sh
[0.156s] -- Up-to-date: /home/server/dev_ws/install/realsense_gazebo_plugin/share/realsense_gazebo_plugin/environment/ament_prefix_path.dsv
[0.156s] -- Up-to-date: /home/server/dev_ws/install/realsense_gazebo_plugin/share/realsense_gazebo_plugin/environment/path.sh
[0.156s] -- Up-to-date: /home/server/dev_ws/install/realsense_gazebo_plugin/share/realsense_gazebo_plugin/environment/path.dsv
[0.156s] -- Up-to-date: /home/server/dev_ws/install/realsense_gazebo_plugin/share/realsense_gazebo_plugin/local_setup.bash
[0.156s] -- Up-to-date: /home/server/dev_ws/install/realsense_gazebo_plugin/share/realsense_gazebo_plugin/local_setup.sh
[0.156s] -- Up-to-date: /home/server/dev_ws/install/realsense_gazebo_plugin/share/realsense_gazebo_plugin/local_setup.zsh
[0.157s] -- Up-to-date: /home/server/dev_ws/install/realsense_gazebo_plugin/share/realsense_gazebo_plugin/local_setup.dsv
[0.157s] -- Installing: /home/server/dev_ws/install/realsense_gazebo_plugin/share/realsense_gazebo_plugin/package.dsv
[0.157s] -- Up-to-date: /home/server/dev_ws/install/realsense_gazebo_plugin/share/ament_index/resource_index/packages/realsense_gazebo_plugin
[0.157s] -- Up-to-date: /home/server/dev_ws/install/realsense_gazebo_plugin/share/realsense_gazebo_plugin/cmake/ament_cmake_export_include_directories-extras.cmake
[0.157s] -- Up-to-date: /home/server/dev_ws/install/realsense_gazebo_plugin/share/realsense_gazebo_plugin/cmake/ament_cmake_export_libraries-extras.cmake
[0.157s] -- Up-to-date: /home/server/dev_ws/install/realsense_gazebo_plugin/share/realsense_gazebo_plugin/cmake/realsense_gazebo_pluginConfig.cmake
[0.157s] -- Up-to-date: /home/server/dev_ws/install/realsense_gazebo_plugin/share/realsense_gazebo_plugin/cmake/realsense_gazebo_pluginConfig-version.cmake
[0.157s] -- Up-to-date: /home/server/dev_ws/install/realsense_gazebo_plugin/share/realsense_gazebo_plugin/package.xml
[0.158s] Invoked command in '/home/server/dev_ws/build/realsense_gazebo_plugin' returned '0': /usr/bin/cmake --install /home/server/dev_ws/build/realsense_gazebo_plugin
