[0.327s] DEBUG:colcon:Command line arguments: ['/usr/bin/colcon', 'build']
[0.327s] DEBUG:colcon:Parsed command line arguments: Namespace(log_base=None, log_level=None, verb_name='build', build_base='build', install_base='install', merge_install=False, symlink_install=False, test_result_base=None, continue_on_error=False, executor='parallel', parallel_workers=8, event_handlers=None, ignore_user_meta=False, metas=['./colcon.meta'], base_paths=['.'], packages_ignore=None, packages_ignore_regex=None, paths=None, packages_up_to=None, packages_up_to_regex=None, packages_above=None, packages_above_and_dependencies=None, packages_above_depth=None, packages_select_by_dep=None, packages_skip_by_dep=None, packages_skip_up_to=None, packages_select_build_failed=False, packages_skip_build_finished=False, packages_select_test_failures=False, packages_skip_test_passed=False, packages_select=None, packages_skip=None, packages_select_regex=None, packages_skip_regex=None, packages_start=None, packages_end=None, allow_overriding=[], cmake_args=None, cmake_target=None, cmake_target_skip_unavailable=False, cmake_clean_cache=False, cmake_clean_first=False, cmake_force_configure=False, ament_cmake_args=None, catkin_cmake_args=None, catkin_skip_building_tests=False, verb_parser=<colcon_defaults.argument_parser.defaults.DefaultArgumentsDecorator object at 0x7fc2593aa9e0>, verb_extension=<colcon_core.verb.build.BuildVerb object at 0x7fc2593aa470>, main=<bound method BuildVerb.main of <colcon_core.verb.build.BuildVerb object at 0x7fc2593aa470>>)
[0.348s] Level 1:colcon.colcon_core.package_discovery:discover_packages(colcon_meta) check parameters
[0.348s] Level 1:colcon.colcon_core.package_discovery:discover_packages(recursive) check parameters
[0.348s] Level 1:colcon.colcon_core.package_discovery:discover_packages(ignore) check parameters
[0.348s] Level 1:colcon.colcon_core.package_discovery:discover_packages(path) check parameters
[0.348s] Level 1:colcon.colcon_core.package_discovery:discover_packages(colcon_meta) discover
[0.349s] Level 1:colcon.colcon_core.package_discovery:discover_packages(recursive) discover
[0.349s] INFO:colcon.colcon_core.package_discovery:Crawling recursively for packages in '/home/server/dev_ws'
[0.349s] Level 1:colcon.colcon_core.package_identification:_identify(.) by extensions ['ignore', 'ignore_ament_install']
[0.349s] Level 1:colcon.colcon_core.package_identification:_identify(.) by extension 'ignore'
[0.349s] Level 1:colcon.colcon_core.package_identification:_identify(.) by extension 'ignore_ament_install'
[0.349s] Level 1:colcon.colcon_core.package_identification:_identify(.) by extensions ['colcon_pkg']
[0.349s] Level 1:colcon.colcon_core.package_identification:_identify(.) by extension 'colcon_pkg'
[0.349s] Level 1:colcon.colcon_core.package_identification:_identify(.) by extensions ['colcon_meta']
[0.349s] Level 1:colcon.colcon_core.package_identification:_identify(.) by extension 'colcon_meta'
[0.349s] Level 1:colcon.colcon_core.package_identification:_identify(.) by extensions ['ros']
[0.349s] Level 1:colcon.colcon_core.package_identification:_identify(.) by extension 'ros'
[0.359s] Level 1:colcon.colcon_core.package_identification:_identify(.) by extensions ['cmake', 'python']
[0.360s] Level 1:colcon.colcon_core.package_identification:_identify(.) by extension 'cmake'
[0.360s] Level 1:colcon.colcon_core.package_identification:_identify(.) by extension 'python'
[0.360s] Level 1:colcon.colcon_core.package_identification:_identify(.) by extensions ['python_setup_py']
[0.360s] Level 1:colcon.colcon_core.package_identification:_identify(.) by extension 'python_setup_py'
[0.360s] Level 1:colcon.colcon_core.package_identification:_identify(build) by extensions ['ignore', 'ignore_ament_install']
[0.360s] Level 1:colcon.colcon_core.package_identification:_identify(build) by extension 'ignore'
[0.360s] Level 1:colcon.colcon_core.package_identification:_identify(build) ignored
[0.360s] Level 1:colcon.colcon_core.package_identification:_identify(install) by extensions ['ignore', 'ignore_ament_install']
[0.360s] Level 1:colcon.colcon_core.package_identification:_identify(install) by extension 'ignore'
[0.360s] Level 1:colcon.colcon_core.package_identification:_identify(install) ignored
[0.360s] Level 1:colcon.colcon_core.package_identification:_identify(log) by extensions ['ignore', 'ignore_ament_install']
[0.361s] Level 1:colcon.colcon_core.package_identification:_identify(log) by extension 'ignore'
[0.361s] Level 1:colcon.colcon_core.package_identification:_identify(log) ignored
[0.361s] Level 1:colcon.colcon_core.package_identification:_identify(src) by extensions ['ignore', 'ignore_ament_install']
[0.361s] Level 1:colcon.colcon_core.package_identification:_identify(src) by extension 'ignore'
[0.361s] Level 1:colcon.colcon_core.package_identification:_identify(src) by extension 'ignore_ament_install'
[0.361s] Level 1:colcon.colcon_core.package_identification:_identify(src) by extensions ['colcon_pkg']
[0.361s] Level 1:colcon.colcon_core.package_identification:_identify(src) by extension 'colcon_pkg'
[0.361s] Level 1:colcon.colcon_core.package_identification:_identify(src) by extensions ['colcon_meta']
[0.361s] Level 1:colcon.colcon_core.package_identification:_identify(src) by extension 'colcon_meta'
[0.361s] Level 1:colcon.colcon_core.package_identification:_identify(src) by extensions ['ros']
[0.361s] Level 1:colcon.colcon_core.package_identification:_identify(src) by extension 'ros'
[0.361s] Level 1:colcon.colcon_core.package_identification:_identify(src) by extensions ['cmake', 'python']
[0.361s] Level 1:colcon.colcon_core.package_identification:_identify(src) by extension 'cmake'
[0.361s] Level 1:colcon.colcon_core.package_identification:_identify(src) by extension 'python'
[0.361s] Level 1:colcon.colcon_core.package_identification:_identify(src) by extensions ['python_setup_py']
[0.361s] Level 1:colcon.colcon_core.package_identification:_identify(src) by extension 'python_setup_py'
[0.361s] Level 1:colcon.colcon_core.package_identification:_identify(src/my_bot) by extensions ['ignore', 'ignore_ament_install']
[0.362s] Level 1:colcon.colcon_core.package_identification:_identify(src/my_bot) by extension 'ignore'
[0.362s] Level 1:colcon.colcon_core.package_identification:_identify(src/my_bot) by extension 'ignore_ament_install'
[0.362s] Level 1:colcon.colcon_core.package_identification:_identify(src/my_bot) by extensions ['colcon_pkg']
[0.362s] Level 1:colcon.colcon_core.package_identification:_identify(src/my_bot) by extension 'colcon_pkg'
[0.362s] Level 1:colcon.colcon_core.package_identification:_identify(src/my_bot) by extensions ['colcon_meta']
[0.362s] Level 1:colcon.colcon_core.package_identification:_identify(src/my_bot) by extension 'colcon_meta'
[0.362s] Level 1:colcon.colcon_core.package_identification:_identify(src/my_bot) by extensions ['ros']
[0.362s] Level 1:colcon.colcon_core.package_identification:_identify(src/my_bot) by extension 'ros'
[0.364s] DEBUG:colcon.colcon_core.package_identification:Package 'src/my_bot' with type 'ros.ament_cmake' and name 'my_bot'
[0.364s] Level 1:colcon.colcon_core.package_identification:_identify(src/realsense_gazebo_plugin) by extensions ['ignore', 'ignore_ament_install']
[0.364s] Level 1:colcon.colcon_core.package_identification:_identify(src/realsense_gazebo_plugin) by extension 'ignore'
[0.364s] Level 1:colcon.colcon_core.package_identification:_identify(src/realsense_gazebo_plugin) by extension 'ignore_ament_install'
[0.365s] Level 1:colcon.colcon_core.package_identification:_identify(src/realsense_gazebo_plugin) by extensions ['colcon_pkg']
[0.365s] Level 1:colcon.colcon_core.package_identification:_identify(src/realsense_gazebo_plugin) by extension 'colcon_pkg'
[0.365s] Level 1:colcon.colcon_core.package_identification:_identify(src/realsense_gazebo_plugin) by extensions ['colcon_meta']
[0.365s] Level 1:colcon.colcon_core.package_identification:_identify(src/realsense_gazebo_plugin) by extension 'colcon_meta'
[0.365s] Level 1:colcon.colcon_core.package_identification:_identify(src/realsense_gazebo_plugin) by extensions ['ros']
[0.365s] Level 1:colcon.colcon_core.package_identification:_identify(src/realsense_gazebo_plugin) by extension 'ros'
[0.366s] DEBUG:colcon.colcon_core.package_identification:Package 'src/realsense_gazebo_plugin' with type 'ros.catkin' and name 'realsense_gazebo_plugin'
[0.366s] Level 1:colcon.colcon_core.package_discovery:discover_packages(recursive) using defaults
[0.366s] Level 1:colcon.colcon_core.package_discovery:discover_packages(ignore) discover
[0.366s] Level 1:colcon.colcon_core.package_discovery:discover_packages(ignore) using defaults
[0.366s] Level 1:colcon.colcon_core.package_discovery:discover_packages(path) discover
[0.366s] Level 1:colcon.colcon_core.package_discovery:discover_packages(path) using defaults
[0.387s] Level 1:colcon.colcon_core.package_discovery:discover_packages(prefix_path) check parameters
[0.387s] Level 1:colcon.colcon_core.package_discovery:discover_packages(prefix_path) discover
[0.389s] DEBUG:colcon.colcon_installed_package_information.package_discovery:Found 4 installed packages in /home/server/dev_ws/install
[0.390s] DEBUG:colcon.colcon_installed_package_information.package_discovery:Found 3 installed packages in /home/server/ros2_camera/install
[0.392s] DEBUG:colcon.colcon_installed_package_information.package_discovery:Found 331 installed packages in /opt/ros/humble
[0.394s] Level 1:colcon.colcon_core.package_discovery:discover_packages(prefix_path) using defaults
[0.462s] Level 5:colcon.colcon_core.verb:set package 'my_bot' build argument 'cmake_args' from command line to 'None'
[0.463s] Level 5:colcon.colcon_core.verb:set package 'my_bot' build argument 'cmake_target' from command line to 'None'
[0.463s] Level 5:colcon.colcon_core.verb:set package 'my_bot' build argument 'cmake_target_skip_unavailable' from command line to 'False'
[0.463s] Level 5:colcon.colcon_core.verb:set package 'my_bot' build argument 'cmake_clean_cache' from command line to 'False'
[0.463s] Level 5:colcon.colcon_core.verb:set package 'my_bot' build argument 'cmake_clean_first' from command line to 'False'
[0.463s] Level 5:colcon.colcon_core.verb:set package 'my_bot' build argument 'cmake_force_configure' from command line to 'False'
[0.463s] Level 5:colcon.colcon_core.verb:set package 'my_bot' build argument 'ament_cmake_args' from command line to 'None'
[0.463s] Level 5:colcon.colcon_core.verb:set package 'my_bot' build argument 'catkin_cmake_args' from command line to 'None'
[0.463s] Level 5:colcon.colcon_core.verb:set package 'my_bot' build argument 'catkin_skip_building_tests' from command line to 'False'
[0.463s] DEBUG:colcon.colcon_core.verb:Building package 'my_bot' with the following arguments: {'ament_cmake_args': None, 'build_base': '/home/server/dev_ws/build/my_bot', 'catkin_cmake_args': None, 'catkin_skip_building_tests': False, 'cmake_args': None, 'cmake_clean_cache': False, 'cmake_clean_first': False, 'cmake_force_configure': False, 'cmake_target': None, 'cmake_target_skip_unavailable': False, 'install_base': '/home/server/dev_ws/install/my_bot', 'merge_install': False, 'path': '/home/server/dev_ws/src/my_bot', 'symlink_install': False, 'test_result_base': None}
[0.464s] Level 5:colcon.colcon_core.verb:set package 'realsense_gazebo_plugin' build argument 'cmake_args' from command line to 'None'
[0.464s] Level 5:colcon.colcon_core.verb:set package 'realsense_gazebo_plugin' build argument 'cmake_target' from command line to 'None'
[0.464s] Level 5:colcon.colcon_core.verb:set package 'realsense_gazebo_plugin' build argument 'cmake_target_skip_unavailable' from command line to 'False'
[0.464s] Level 5:colcon.colcon_core.verb:set package 'realsense_gazebo_plugin' build argument 'cmake_clean_cache' from command line to 'False'
[0.464s] Level 5:colcon.colcon_core.verb:set package 'realsense_gazebo_plugin' build argument 'cmake_clean_first' from command line to 'False'
[0.464s] Level 5:colcon.colcon_core.verb:set package 'realsense_gazebo_plugin' build argument 'cmake_force_configure' from command line to 'False'
[0.464s] Level 5:colcon.colcon_core.verb:set package 'realsense_gazebo_plugin' build argument 'ament_cmake_args' from command line to 'None'
[0.464s] Level 5:colcon.colcon_core.verb:set package 'realsense_gazebo_plugin' build argument 'catkin_cmake_args' from command line to 'None'
[0.464s] Level 5:colcon.colcon_core.verb:set package 'realsense_gazebo_plugin' build argument 'catkin_skip_building_tests' from command line to 'False'
[0.464s] DEBUG:colcon.colcon_core.verb:Building package 'realsense_gazebo_plugin' with the following arguments: {'ament_cmake_args': None, 'build_base': '/home/server/dev_ws/build/realsense_gazebo_plugin', 'catkin_cmake_args': None, 'catkin_skip_building_tests': False, 'cmake_args': None, 'cmake_clean_cache': False, 'cmake_clean_first': False, 'cmake_force_configure': False, 'cmake_target': None, 'cmake_target_skip_unavailable': False, 'install_base': '/home/server/dev_ws/install/realsense_gazebo_plugin', 'merge_install': False, 'path': '/home/server/dev_ws/src/realsense_gazebo_plugin', 'symlink_install': False, 'test_result_base': None}
[0.464s] INFO:colcon.colcon_core.executor:Executing jobs using 'parallel' executor
[0.467s] DEBUG:colcon.colcon_parallel_executor.executor.parallel:run_until_complete
[0.468s] INFO:colcon.colcon_ros.task.ament_cmake.build:Building ROS package in '/home/server/dev_ws/src/my_bot' with build type 'ament_cmake'
[0.468s] INFO:colcon.colcon_cmake.task.cmake.build:Building CMake package in '/home/server/dev_ws/src/my_bot'
[0.472s] INFO:colcon.colcon_core.plugin_system:Skipping extension 'colcon_core.shell.bat': Not used on non-Windows systems
[0.472s] INFO:colcon.colcon_core.shell:Skip shell extension 'powershell' for command environment: Not usable outside of PowerShell
[0.472s] DEBUG:colcon.colcon_core.shell:Skip shell extension 'dsv' for command environment
[0.477s] INFO:colcon.colcon_ros.task.catkin.build:Building ROS package in '/home/server/dev_ws/src/realsense_gazebo_plugin' with build type 'catkin'
[0.477s] INFO:colcon.colcon_cmake.task.cmake.build:Building CMake package in '/home/server/dev_ws/src/realsense_gazebo_plugin'
[0.478s] INFO:colcon.colcon_core.shell:Skip shell extension 'powershell' for command environment: Not usable outside of PowerShell
[0.478s] DEBUG:colcon.colcon_core.shell:Skip shell extension 'dsv' for command environment
[0.489s] DEBUG:colcon.colcon_core.event_handler.log_command:Invoking command in '/home/server/dev_ws/build/my_bot': CMAKE_PREFIX_PATH=/home/server/ros2_camera/install/realsense2_description:/home/server/ros2_camera/install/realsense2_camera:/home/server/ros2_camera/install/realsense2_camera_msgs:/opt/ros/humble:/home/server/dev_ws/install/realsense_gazebo_plugin:/home/server/dev_ws/install/realsense2_camera_msgs:/home/server/dev_ws/install/my_bot /usr/bin/cmake --build /home/server/dev_ws/build/my_bot -- -j8 -l8
[0.493s] DEBUG:colcon.colcon_core.event_handler.log_command:Invoking command in '/home/server/dev_ws/build/realsense_gazebo_plugin': /usr/bin/cmake --build /home/server/dev_ws/build/realsense_gazebo_plugin -- -j8 -l8
[0.526s] DEBUG:colcon.colcon_core.event_handler.log_command:Invoked command in '/home/server/dev_ws/build/my_bot' returned '0': CMAKE_PREFIX_PATH=/home/server/ros2_camera/install/realsense2_description:/home/server/ros2_camera/install/realsense2_camera:/home/server/ros2_camera/install/realsense2_camera_msgs:/opt/ros/humble:/home/server/dev_ws/install/realsense_gazebo_plugin:/home/server/dev_ws/install/realsense2_camera_msgs:/home/server/dev_ws/install/my_bot /usr/bin/cmake --build /home/server/dev_ws/build/my_bot -- -j8 -l8
[0.557s] DEBUG:colcon.colcon_core.event_handler.log_command:Invoking command in '/home/server/dev_ws/build/my_bot': CMAKE_PREFIX_PATH=/home/server/ros2_camera/install/realsense2_description:/home/server/ros2_camera/install/realsense2_camera:/home/server/ros2_camera/install/realsense2_camera_msgs:/opt/ros/humble:/home/server/dev_ws/install/realsense_gazebo_plugin:/home/server/dev_ws/install/realsense2_camera_msgs:/home/server/dev_ws/install/my_bot /usr/bin/cmake --install /home/server/dev_ws/build/my_bot
[0.568s] Level 1:colcon.colcon_core.environment:create_environment_scripts_only(my_bot)
[0.573s] DEBUG:colcon.colcon_core.event_handler.log_command:Invoked command in '/home/server/dev_ws/build/my_bot' returned '0': CMAKE_PREFIX_PATH=/home/server/ros2_camera/install/realsense2_description:/home/server/ros2_camera/install/realsense2_camera:/home/server/ros2_camera/install/realsense2_camera_msgs:/opt/ros/humble:/home/server/dev_ws/install/realsense_gazebo_plugin:/home/server/dev_ws/install/realsense2_camera_msgs:/home/server/dev_ws/install/my_bot /usr/bin/cmake --install /home/server/dev_ws/build/my_bot
[0.575s] Level 1:colcon.colcon_core.environment:checking '/home/server/dev_ws/install/my_bot' for CMake module files
[0.575s] Level 1:colcon.colcon_core.environment:checking '/home/server/dev_ws/install/my_bot' for CMake config files
[0.576s] Level 1:colcon.colcon_core.shell:create_environment_hook('my_bot', 'cmake_prefix_path')
[0.577s] INFO:colcon.colcon_core.shell:Creating environment hook '/home/server/dev_ws/install/my_bot/share/my_bot/hook/cmake_prefix_path.ps1'
[0.578s] INFO:colcon.colcon_core.shell:Creating environment descriptor '/home/server/dev_ws/install/my_bot/share/my_bot/hook/cmake_prefix_path.dsv'
[0.578s] INFO:colcon.colcon_core.shell:Creating environment hook '/home/server/dev_ws/install/my_bot/share/my_bot/hook/cmake_prefix_path.sh'
[0.579s] Level 1:colcon.colcon_core.environment:checking '/home/server/dev_ws/install/my_bot/bin'
[0.579s] Level 1:colcon.colcon_core.environment:checking '/home/server/dev_ws/install/my_bot/lib/pkgconfig/my_bot.pc'
[0.579s] Level 1:colcon.colcon_core.environment:checking '/home/server/dev_ws/install/my_bot/lib/python3.10/site-packages'
[0.580s] Level 1:colcon.colcon_core.environment:checking '/home/server/dev_ws/install/my_bot/bin'
[0.581s] INFO:colcon.colcon_core.shell:Creating package script '/home/server/dev_ws/install/my_bot/share/my_bot/package.ps1'
[0.582s] INFO:colcon.colcon_core.shell:Creating package descriptor '/home/server/dev_ws/install/my_bot/share/my_bot/package.dsv'
[0.583s] INFO:colcon.colcon_core.shell:Creating package script '/home/server/dev_ws/install/my_bot/share/my_bot/package.sh'
[0.584s] INFO:colcon.colcon_core.shell:Creating package script '/home/server/dev_ws/install/my_bot/share/my_bot/package.bash'
[0.584s] INFO:colcon.colcon_core.shell:Creating package script '/home/server/dev_ws/install/my_bot/share/my_bot/package.zsh'
[0.585s] Level 1:colcon.colcon_core.environment:create_file_with_runtime_dependencies(/home/server/dev_ws/install/my_bot/share/colcon-core/packages/my_bot)
[0.587s] DEBUG:colcon.colcon_core.event_handler.log_command:Invoked command in '/home/server/dev_ws/build/realsense_gazebo_plugin' returned '0': /usr/bin/cmake --build /home/server/dev_ws/build/realsense_gazebo_plugin -- -j8 -l8
[0.608s] Level 1:colcon.colcon_core.environment:create_environment_scripts_only(my_bot)
[0.611s] Level 1:colcon.colcon_core.environment:checking '/home/server/dev_ws/install/my_bot' for CMake module files
[0.611s] Level 1:colcon.colcon_core.environment:checking '/home/server/dev_ws/install/my_bot' for CMake config files
[0.611s] Level 1:colcon.colcon_core.shell:create_environment_hook('my_bot', 'cmake_prefix_path')
[0.613s] INFO:colcon.colcon_core.shell:Creating environment hook '/home/server/dev_ws/install/my_bot/share/my_bot/hook/cmake_prefix_path.ps1'
[0.613s] INFO:colcon.colcon_core.shell:Creating environment descriptor '/home/server/dev_ws/install/my_bot/share/my_bot/hook/cmake_prefix_path.dsv'
[0.613s] INFO:colcon.colcon_core.shell:Creating environment hook '/home/server/dev_ws/install/my_bot/share/my_bot/hook/cmake_prefix_path.sh'
[0.614s] Level 1:colcon.colcon_core.environment:checking '/home/server/dev_ws/install/my_bot/bin'
[0.614s] Level 1:colcon.colcon_core.environment:checking '/home/server/dev_ws/install/my_bot/lib/pkgconfig/my_bot.pc'
[0.614s] Level 1:colcon.colcon_core.environment:checking '/home/server/dev_ws/install/my_bot/lib/python3.10/site-packages'
[0.615s] Level 1:colcon.colcon_core.environment:checking '/home/server/dev_ws/install/my_bot/bin'
[0.616s] INFO:colcon.colcon_core.shell:Creating package script '/home/server/dev_ws/install/my_bot/share/my_bot/package.ps1'
[0.616s] INFO:colcon.colcon_core.shell:Creating package descriptor '/home/server/dev_ws/install/my_bot/share/my_bot/package.dsv'
[0.617s] INFO:colcon.colcon_core.shell:Creating package script '/home/server/dev_ws/install/my_bot/share/my_bot/package.sh'
[0.617s] INFO:colcon.colcon_core.shell:Creating package script '/home/server/dev_ws/install/my_bot/share/my_bot/package.bash'
[0.618s] INFO:colcon.colcon_core.shell:Creating package script '/home/server/dev_ws/install/my_bot/share/my_bot/package.zsh'
[0.618s] Level 1:colcon.colcon_core.environment:create_file_with_runtime_dependencies(/home/server/dev_ws/install/my_bot/share/colcon-core/packages/my_bot)
[0.649s] DEBUG:colcon.colcon_core.event_handler.log_command:Invoking command in '/home/server/dev_ws/build/realsense_gazebo_plugin': /usr/bin/cmake --install /home/server/dev_ws/build/realsense_gazebo_plugin
[0.660s] DEBUG:colcon.colcon_core.event_handler.log_command:Invoked command in '/home/server/dev_ws/build/realsense_gazebo_plugin' returned '0': /usr/bin/cmake --install /home/server/dev_ws/build/realsense_gazebo_plugin
[0.687s] Level 1:colcon.colcon_core.shell:create_environment_hook('realsense_gazebo_plugin', 'ros_package_path')
[0.689s] INFO:colcon.colcon_core.shell:Creating environment hook '/home/server/dev_ws/install/realsense_gazebo_plugin/share/realsense_gazebo_plugin/hook/ros_package_path.ps1'
[0.690s] INFO:colcon.colcon_core.shell:Creating environment descriptor '/home/server/dev_ws/install/realsense_gazebo_plugin/share/realsense_gazebo_plugin/hook/ros_package_path.dsv'
[0.690s] INFO:colcon.colcon_core.shell:Creating environment hook '/home/server/dev_ws/install/realsense_gazebo_plugin/share/realsense_gazebo_plugin/hook/ros_package_path.sh'
[0.691s] Level 1:colcon.colcon_core.shell:create_environment_hook('realsense_gazebo_plugin', 'pkg_config_path')
[0.693s] INFO:colcon.colcon_core.shell:Creating environment hook '/home/server/dev_ws/install/realsense_gazebo_plugin/share/realsense_gazebo_plugin/hook/pkg_config_path.ps1'
[0.693s] INFO:colcon.colcon_core.shell:Creating environment descriptor '/home/server/dev_ws/install/realsense_gazebo_plugin/share/realsense_gazebo_plugin/hook/pkg_config_path.dsv'
[0.694s] INFO:colcon.colcon_core.shell:Creating environment hook '/home/server/dev_ws/install/realsense_gazebo_plugin/share/realsense_gazebo_plugin/hook/pkg_config_path.sh'
[0.696s] Level 1:colcon.colcon_core.shell:create_environment_hook('realsense_gazebo_plugin', 'pkg_config_path_multiarch')
[0.697s] INFO:colcon.colcon_core.shell:Creating environment hook '/home/server/dev_ws/install/realsense_gazebo_plugin/share/realsense_gazebo_plugin/hook/pkg_config_path_multiarch.ps1'
[0.698s] INFO:colcon.colcon_core.shell:Creating environment descriptor '/home/server/dev_ws/install/realsense_gazebo_plugin/share/realsense_gazebo_plugin/hook/pkg_config_path_multiarch.dsv'
[0.698s] INFO:colcon.colcon_core.shell:Creating environment hook '/home/server/dev_ws/install/realsense_gazebo_plugin/share/realsense_gazebo_plugin/hook/pkg_config_path_multiarch.sh'
[0.700s] Level 1:colcon.colcon_core.environment:create_environment_scripts_only(realsense_gazebo_plugin)
[0.702s] Level 1:colcon.colcon_core.environment:checking '/home/server/dev_ws/install/realsense_gazebo_plugin' for CMake module files
[0.702s] Level 1:colcon.colcon_core.environment:checking '/home/server/dev_ws/install/realsense_gazebo_plugin' for CMake config files
[0.703s] Level 1:colcon.colcon_core.shell:create_environment_hook('realsense_gazebo_plugin', 'cmake_prefix_path')
[0.704s] INFO:colcon.colcon_core.shell:Creating environment hook '/home/server/dev_ws/install/realsense_gazebo_plugin/share/realsense_gazebo_plugin/hook/cmake_prefix_path.ps1'
[0.704s] INFO:colcon.colcon_core.shell:Creating environment descriptor '/home/server/dev_ws/install/realsense_gazebo_plugin/share/realsense_gazebo_plugin/hook/cmake_prefix_path.dsv'
[0.704s] INFO:colcon.colcon_core.shell:Creating environment hook '/home/server/dev_ws/install/realsense_gazebo_plugin/share/realsense_gazebo_plugin/hook/cmake_prefix_path.sh'
[0.705s] Level 1:colcon.colcon_core.environment:checking '/home/server/dev_ws/install/realsense_gazebo_plugin/lib'
[0.705s] Level 1:colcon.colcon_core.shell:create_environment_hook('realsense_gazebo_plugin', 'ld_library_path_lib')
[0.706s] INFO:colcon.colcon_core.shell:Creating environment hook '/home/server/dev_ws/install/realsense_gazebo_plugin/share/realsense_gazebo_plugin/hook/ld_library_path_lib.ps1'
[0.706s] INFO:colcon.colcon_core.shell:Creating environment descriptor '/home/server/dev_ws/install/realsense_gazebo_plugin/share/realsense_gazebo_plugin/hook/ld_library_path_lib.dsv'
[0.707s] INFO:colcon.colcon_core.shell:Creating environment hook '/home/server/dev_ws/install/realsense_gazebo_plugin/share/realsense_gazebo_plugin/hook/ld_library_path_lib.sh'
[0.707s] Level 1:colcon.colcon_core.environment:checking '/home/server/dev_ws/install/realsense_gazebo_plugin/bin'
[0.707s] Level 1:colcon.colcon_core.environment:checking '/home/server/dev_ws/install/realsense_gazebo_plugin/lib/pkgconfig/realsense_gazebo_plugin.pc'
[0.708s] Level 1:colcon.colcon_core.environment:checking '/home/server/dev_ws/install/realsense_gazebo_plugin/lib/python3.10/site-packages'
[0.708s] Level 1:colcon.colcon_core.environment:checking '/home/server/dev_ws/install/realsense_gazebo_plugin/bin'
[0.709s] INFO:colcon.colcon_core.shell:Creating package script '/home/server/dev_ws/install/realsense_gazebo_plugin/share/realsense_gazebo_plugin/package.ps1'
[0.710s] INFO:colcon.colcon_core.shell:Creating package descriptor '/home/server/dev_ws/install/realsense_gazebo_plugin/share/realsense_gazebo_plugin/package.dsv'
[0.710s] INFO:colcon.colcon_core.shell:Creating package script '/home/server/dev_ws/install/realsense_gazebo_plugin/share/realsense_gazebo_plugin/package.sh'
[0.711s] INFO:colcon.colcon_core.shell:Creating package script '/home/server/dev_ws/install/realsense_gazebo_plugin/share/realsense_gazebo_plugin/package.bash'
[0.711s] INFO:colcon.colcon_core.shell:Creating package script '/home/server/dev_ws/install/realsense_gazebo_plugin/share/realsense_gazebo_plugin/package.zsh'
[0.712s] Level 1:colcon.colcon_core.environment:create_file_with_runtime_dependencies(/home/server/dev_ws/install/realsense_gazebo_plugin/share/colcon-core/packages/realsense_gazebo_plugin)
[0.712s] DEBUG:colcon.colcon_parallel_executor.executor.parallel:closing loop
[0.712s] DEBUG:colcon.colcon_parallel_executor.executor.parallel:loop closed
[0.712s] DEBUG:colcon.colcon_parallel_executor.executor.parallel:run_until_complete finished with '0'
[0.712s] DEBUG:colcon.colcon_core.event_reactor:joining thread
[0.717s] INFO:colcon.colcon_core.plugin_system:Skipping extension 'colcon_notification.desktop_notification.terminal_notifier': Not used on non-Darwin systems
[0.717s] INFO:colcon.colcon_core.plugin_system:Skipping extension 'colcon_notification.desktop_notification.win32': Not used on non-Windows systems
[0.718s] INFO:colcon.colcon_notification.desktop_notification:Sending desktop notification using 'notify2'
[0.729s] DEBUG:colcon.colcon_core.event_reactor:joined thread
[0.731s] INFO:colcon.colcon_core.shell:Creating prefix script '/home/server/dev_ws/install/local_setup.ps1'
[0.731s] INFO:colcon.colcon_core.shell:Creating prefix util module '/home/server/dev_ws/install/_local_setup_util_ps1.py'
[0.733s] INFO:colcon.colcon_core.shell:Creating prefix chain script '/home/server/dev_ws/install/setup.ps1'
[0.734s] INFO:colcon.colcon_core.shell:Creating prefix script '/home/server/dev_ws/install/local_setup.sh'
[0.735s] INFO:colcon.colcon_core.shell:Creating prefix util module '/home/server/dev_ws/install/_local_setup_util_sh.py'
[0.735s] INFO:colcon.colcon_core.shell:Creating prefix chain script '/home/server/dev_ws/install/setup.sh'
[0.737s] INFO:colcon.colcon_core.shell:Creating prefix script '/home/server/dev_ws/install/local_setup.bash'
[0.737s] INFO:colcon.colcon_core.shell:Creating prefix chain script '/home/server/dev_ws/install/setup.bash'
[0.739s] INFO:colcon.colcon_core.shell:Creating prefix script '/home/server/dev_ws/install/local_setup.zsh'
[0.739s] INFO:colcon.colcon_core.shell:Creating prefix chain script '/home/server/dev_ws/install/setup.zsh'
