[0.009s] Invoking command in '/home/server/dev_ws/build/realsense_gazebo_plugin': /usr/bin/cmake /home/server/dev_ws/src/realsense_gazebo_plugin -DCATKIN_INSTALL_INTO_PREFIX_ROOT=0 -DCMAKE_INSTALL_PREFIX=/home/server/dev_ws/install/realsense_gazebo_plugin
[0.016s] [0mCMake Deprecation Warning at CMakeLists.txt:1 (cmake_minimum_required):
[0.016s]   Compatibility with CMake < 2.8.12 will be removed from a future version of
[0.016s]   CMake.
[0.016s] 
[0.016s]   Update the VERSION argument <min> value or use a ...<max> suffix to tell
[0.016s]   CMake that the project does not need compatibility with older versions.
[0.016s] 
[0.016s] [0m
[0.029s] [31mCMake Error at CMakeLists.txt:5 (find_package):
[0.029s]   By not providing "Findcatkin.cmake" in CMAKE_MODULE_PATH this project has
[0.029s]   asked CMake to find a package configuration file provided by "catkin", but
[0.029s]   CMake did not find one.
[0.029s] 
[0.029s]   Could not find a package configuration file provided by "catkin" with any
[0.029s]   of the following names:
[0.029s] 
[0.029s]     catkinConfig.cmake
[0.029s]     catkin-config.cmake
[0.029s] 
[0.030s]   Add the installation prefix of "catkin" to CMAKE_PREFIX_PATH or set
[0.030s]   "catkin_DIR" to a directory containing one of the above files.  If "catkin"
[0.030s]   provides a separate development package or SDK, be sure it has been
[0.030s]   installed.
[0.030s] 
[0.030s] [0m
[0.030s] -- Configuring incomplete, errors occurred!
[0.030s] See also "/home/server/dev_ws/build/realsense_gazebo_plugin/CMakeFiles/CMakeOutput.log".
[0.031s] Invoked command in '/home/server/dev_ws/build/realsense_gazebo_plugin' returned '1': /usr/bin/cmake /home/server/dev_ws/src/realsense_gazebo_plugin -DCATKIN_INSTALL_INTO_PREFIX_ROOT=0 -DCMAKE_INSTALL_PREFIX=/home/server/dev_ws/install/realsense_gazebo_plugin
