[0.011s] Invoking command in '/home/server/dev_ws/build/realsense_gazebo_plugin': /usr/bin/cmake /home/server/dev_ws/src/realsense_gazebo_plugin -DCATKIN_INSTALL_INTO_PREFIX_ROOT=0 -DCMAKE_INSTALL_PREFIX=/home/server/dev_ws/install/realsense_gazebo_plugin
[0.022s] -- Found ament_cmake: 1.3.5 (/opt/ros/humble/share/ament_cmake/cmake)
[0.149s] -- Found rclcpp: 16.0.5 (/opt/ros/humble/share/rclcpp/cmake)
[0.175s] -- Found rosidl_generator_c: 3.1.5 (/opt/ros/humble/share/rosidl_generator_c/cmake)
[0.178s] -- Found rosidl_adapter: 3.1.5 (/opt/ros/humble/share/rosidl_adapter/cmake)
[0.183s] -- Found rosidl_generator_cpp: 3.1.5 (/opt/ros/humble/share/rosidl_generator_cpp/cmake)
[0.193s] -- Using all available rosidl_typesupport_c: rosidl_typesupport_fastrtps_c;rosidl_typesupport_introspection_c
[0.208s] -- Using all available rosidl_typesupport_cpp: rosidl_typesupport_fastrtps_cpp;rosidl_typesupport_introspection_cpp
[0.263s] -- Found rmw_implementation_cmake: 6.1.1 (/opt/ros/humble/share/rmw_implementation_cmake/cmake)
[0.264s] -- Found rmw_fastrtps_cpp: 6.2.3 (/opt/ros/humble/share/rmw_fastrtps_cpp/cmake)
[0.364s] -- Using RMW implementation 'rmw_fastrtps_cpp' as default
[0.507s] -- Found gazebo_ros: 3.7.0 (/opt/ros/humble/share/gazebo_ros/cmake)
[0.534s] -- Found DART: /usr/include (Required is at least version "6.6") found components: dart 
[0.557s] -- Found Protobuf: /usr/lib/x86_64-linux-gnu/libprotobuf.so (found version "3.12.4") 
[0.559s] -- Looking for ignition-math6 -- found version 6.12.0
[0.563s] -- Searching for dependencies of ignition-math6
[0.564s] -- Looking for OGRE...
[0.569s] -- Found Ogre Ghadamon (1.9.0)
[0.569s] -- Found OGRE: optimized;/usr/lib/x86_64-linux-gnu/libOgreMain.so;debug;/usr/lib/x86_64-linux-gnu/libOgreMain.so
[0.577s] -- Looking for OGRE_Paging...
[0.577s] -- Found OGRE_Paging: optimized;/usr/lib/x86_64-linux-gnu/libOgrePaging.so;debug;/usr/lib/x86_64-linux-gnu/libOgrePaging.so
[0.577s] -- Looking for OGRE_Terrain...
[0.578s] -- Found OGRE_Terrain: optimized;/usr/lib/x86_64-linux-gnu/libOgreTerrain.so;debug;/usr/lib/x86_64-linux-gnu/libOgreTerrain.so
[0.578s] -- Looking for OGRE_Property...
[0.578s] -- Found OGRE_Property: optimized;/usr/lib/x86_64-linux-gnu/libOgreProperty.so;debug;/usr/lib/x86_64-linux-gnu/libOgreProperty.so
[0.578s] -- Looking for OGRE_RTShaderSystem...
[0.578s] -- Found OGRE_RTShaderSystem: optimized;/usr/lib/x86_64-linux-gnu/libOgreRTShaderSystem.so;debug;/usr/lib/x86_64-linux-gnu/libOgreRTShaderSystem.so
[0.578s] -- Looking for OGRE_Volume...
[0.578s] -- Found OGRE_Volume: optimized;/usr/lib/x86_64-linux-gnu/libOgreVolume.so;debug;/usr/lib/x86_64-linux-gnu/libOgreVolume.so
[0.578s] -- Looking for OGRE_Overlay...
[0.578s] -- Found OGRE_Overlay: optimized;/usr/lib/x86_64-linux-gnu/libOgreOverlay.so;debug;/usr/lib/x86_64-linux-gnu/libOgreOverlay.so
[0.656s] -- Looking for ignition-math6 -- found version 6.12.0
[0.656s] -- Looking for ignition-transport8 -- found version 8.2.1
[0.657s] -- Searching for dependencies of ignition-transport8
[0.671s] -- Found Protobuf: /usr/lib/x86_64-linux-gnu/libprotobuf.so (found suitable version "3.12.4", minimum required is "3") 
[0.679s] -- Config-file not installed for ZeroMQ -- checking for pkg-config
[0.682s] -- Checking for module 'libzmq >= 4'
[0.691s] --   Found libzmq , version 4.3.4
[0.722s] -- Checking for module 'uuid'
[0.731s] --   Found uuid, version 2.37.2
[0.755s] -- Looking for ignition-msgs5 -- found version 5.8.1
[0.755s] -- Searching for dependencies of ignition-msgs5
[0.770s] -- Looking for ignition-math6 -- found version 6.12.0
[0.774s] -- Checking for module 'tinyxml2'
[0.783s] --   Found tinyxml2, version 9.0.0
[0.807s] -- Looking for ignition-msgs5 -- found version 5.8.1
[0.808s] -- Looking for ignition-common3 -- found version 3.14.0
[0.808s] -- Searching for dependencies of ignition-common3
[0.808s] -- Looking for dlfcn.h - found
[0.808s] -- Looking for libdl - found
[0.818s] -- Searching for <ignition-common3> component [graphics]
[0.818s] -- Looking for ignition-common3-graphics -- found version 3.14.0
[0.819s] -- Searching for dependencies of ignition-common3-graphics
[0.819s] -- Looking for ignition-math6 -- found version 6.12.0
[0.820s] -- Looking for ignition-fuel_tools4 -- found version 4.4.0
[0.820s] -- Searching for dependencies of ignition-fuel_tools4
[0.850s] -- Checking for module 'jsoncpp'
[0.860s] --   Found jsoncpp, version 1.9.5
[0.888s] -- Checking for module 'libzip'
[0.898s] --   Found libzip, version 1.7.3
[0.922s] -- Looking for ignition-common3 -- found version 3.14.0
[0.923s] -- Looking for ignition-math6 -- found version 6.12.0
[0.923s] -- Looking for ignition-msgs5 -- found version 5.8.1
[0.924s] -- Gazebo version: 11.10
[0.929s] -- Found image_transport: 3.1.7 (/opt/ros/humble/share/image_transport/cmake)
[1.080s] [31mCMake Error at CMakeLists.txt:21 (find_package):
[1.080s]   By not providing "Findcamera_info_manager.cmake" in CMAKE_MODULE_PATH this
[1.080s]   project has asked CMake to find a package configuration file provided by
[1.081s]   "camera_info_manager", but CMake did not find one.
[1.081s] 
[1.081s]   Could not find a package configuration file provided by
[1.081s]   "camera_info_manager" with any of the following names:
[1.081s] 
[1.081s]     camera_info_managerConfig.cmake
[1.081s]     camera_info_manager-config.cmake
[1.081s] 
[1.081s]   Add the installation prefix of "camera_info_manager" to CMAKE_PREFIX_PATH
[1.081s]   or set "camera_info_manager_DIR" to a directory containing one of the above
[1.081s]   files.  If "camera_info_manager" provides a separate development package or
[1.081s]   SDK, be sure it has been installed.
[1.081s] 
[1.081s] [0m
[1.081s] -- Configuring incomplete, errors occurred!
[1.081s] See also "/home/server/dev_ws/build/realsense_gazebo_plugin/CMakeFiles/CMakeOutput.log".
[1.090s] Invoked command in '/home/server/dev_ws/build/realsense_gazebo_plugin' returned '1': /usr/bin/cmake /home/server/dev_ws/src/realsense_gazebo_plugin -DCATKIN_INSTALL_INTO_PREFIX_ROOT=0 -DCMAKE_INSTALL_PREFIX=/home/server/dev_ws/install/realsense_gazebo_plugin
