[0.012s] Invoking command in '/home/server/dev_ws/build/realsense_gazebo_plugin': /usr/bin/cmake /home/server/dev_ws/src/realsense_gazebo_plugin -DCATKIN_INSTALL_INTO_PREFIX_ROOT=0 -DCMAKE_INSTALL_PREFIX=/home/server/dev_ws/install/realsense_gazebo_plugin
[0.022s] -- Found ament_cmake: 1.3.5 (/opt/ros/humble/share/ament_cmake/cmake)
[0.152s] -- Found rclcpp: 16.0.5 (/opt/ros/humble/share/rclcpp/cmake)
[0.179s] -- Found rosidl_generator_c: 3.1.5 (/opt/ros/humble/share/rosidl_generator_c/cmake)
[0.182s] -- Found rosidl_adapter: 3.1.5 (/opt/ros/humble/share/rosidl_adapter/cmake)
[0.187s] -- Found rosidl_generator_cpp: 3.1.5 (/opt/ros/humble/share/rosidl_generator_cpp/cmake)
[0.197s] -- Using all available rosidl_typesupport_c: rosidl_typesupport_fastrtps_c;rosidl_typesupport_introspection_c
[0.213s] -- Using all available rosidl_typesupport_cpp: rosidl_typesupport_fastrtps_cpp;rosidl_typesupport_introspection_cpp
[0.268s] -- Found rmw_implementation_cmake: 6.1.1 (/opt/ros/humble/share/rmw_implementation_cmake/cmake)
[0.269s] -- Found rmw_fastrtps_cpp: 6.2.3 (/opt/ros/humble/share/rmw_fastrtps_cpp/cmake)
[0.370s] -- Using RMW implementation 'rmw_fastrtps_cpp' as default
[0.518s] -- Found gazebo_ros: 3.7.0 (/opt/ros/humble/share/gazebo_ros/cmake)
[0.545s] -- Found DART: /usr/include (Required is at least version "6.6") found components: dart 
[0.569s] -- Found Protobuf: /usr/lib/x86_64-linux-gnu/libprotobuf.so (found version "3.12.4") 
[0.570s] -- Looking for ignition-math6 -- found version 6.12.0
[0.574s] -- Searching for dependencies of ignition-math6
[0.575s] -- Looking for OGRE...
[0.580s] -- Found Ogre Ghadamon (1.9.0)
[0.581s] -- Found OGRE: optimized;/usr/lib/x86_64-linux-gnu/libOgreMain.so;debug;/usr/lib/x86_64-linux-gnu/libOgreMain.so
[0.589s] -- Looking for OGRE_Paging...
[0.589s] -- Found OGRE_Paging: optimized;/usr/lib/x86_64-linux-gnu/libOgrePaging.so;debug;/usr/lib/x86_64-linux-gnu/libOgrePaging.so
[0.589s] -- Looking for OGRE_Terrain...
[0.590s] -- Found OGRE_Terrain: optimized;/usr/lib/x86_64-linux-gnu/libOgreTerrain.so;debug;/usr/lib/x86_64-linux-gnu/libOgreTerrain.so
[0.590s] -- Looking for OGRE_Property...
[0.590s] -- Found OGRE_Property: optimized;/usr/lib/x86_64-linux-gnu/libOgreProperty.so;debug;/usr/lib/x86_64-linux-gnu/libOgreProperty.so
[0.590s] -- Looking for OGRE_RTShaderSystem...
[0.590s] -- Found OGRE_RTShaderSystem: optimized;/usr/lib/x86_64-linux-gnu/libOgreRTShaderSystem.so;debug;/usr/lib/x86_64-linux-gnu/libOgreRTShaderSystem.so
[0.590s] -- Looking for OGRE_Volume...
[0.590s] -- Found OGRE_Volume: optimized;/usr/lib/x86_64-linux-gnu/libOgreVolume.so;debug;/usr/lib/x86_64-linux-gnu/libOgreVolume.so
[0.591s] -- Looking for OGRE_Overlay...
[0.591s] -- Found OGRE_Overlay: optimized;/usr/lib/x86_64-linux-gnu/libOgreOverlay.so;debug;/usr/lib/x86_64-linux-gnu/libOgreOverlay.so
[0.674s] -- Looking for ignition-math6 -- found version 6.12.0
[0.676s] -- Looking for ignition-transport8 -- found version 8.2.1
[0.676s] -- Searching for dependencies of ignition-transport8
[0.689s] -- Found Protobuf: /usr/lib/x86_64-linux-gnu/libprotobuf.so (found suitable version "3.12.4", minimum required is "3") 
[0.697s] -- Config-file not installed for ZeroMQ -- checking for pkg-config
[0.701s] -- Checking for module 'libzmq >= 4'
[0.711s] --   Found libzmq , version 4.3.4
[0.742s] -- Checking for module 'uuid'
[0.751s] --   Found uuid, version 2.37.2
[0.775s] -- Looking for ignition-msgs5 -- found version 5.8.1
[0.776s] -- Searching for dependencies of ignition-msgs5
[0.791s] -- Looking for ignition-math6 -- found version 6.12.0
[0.795s] -- Checking for module 'tinyxml2'
[0.805s] --   Found tinyxml2, version 9.0.0
[0.830s] -- Looking for ignition-msgs5 -- found version 5.8.1
[0.830s] -- Looking for ignition-common3 -- found version 3.14.0
[0.830s] -- Searching for dependencies of ignition-common3
[0.831s] -- Looking for dlfcn.h - found
[0.831s] -- Looking for libdl - found
[0.840s] -- Searching for <ignition-common3> component [graphics]
[0.841s] -- Looking for ignition-common3-graphics -- found version 3.14.0
[0.841s] -- Searching for dependencies of ignition-common3-graphics
[0.842s] -- Looking for ignition-math6 -- found version 6.12.0
[0.843s] -- Looking for ignition-fuel_tools4 -- found version 4.4.0
[0.843s] -- Searching for dependencies of ignition-fuel_tools4
[0.873s] -- Checking for module 'jsoncpp'
[0.883s] --   Found jsoncpp, version 1.9.5
[0.912s] -- Checking for module 'libzip'
[0.922s] --   Found libzip, version 1.7.3
[0.947s] -- Looking for ignition-common3 -- found version 3.14.0
[0.947s] -- Looking for ignition-math6 -- found version 6.12.0
[0.947s] -- Looking for ignition-msgs5 -- found version 5.8.1
[0.949s] -- Gazebo version: 11.10
[0.953s] -- Found image_transport: 3.1.7 (/opt/ros/humble/share/image_transport/cmake)
[1.100s] -- Found camera_info_manager: 3.1.7 (/opt/ros/humble/share/camera_info_manager/cmake)
[1.157s] -- Found ament_lint_auto: 0.12.7 (/opt/ros/humble/share/ament_lint_auto/cmake)
[1.218s] -- Configuring done
[1.248s] -- Generating done
[1.250s] -- Build files have been written to: /home/server/dev_ws/build/realsense_gazebo_plugin
[1.260s] Invoked command in '/home/server/dev_ws/build/realsense_gazebo_plugin' returned '0': /usr/bin/cmake /home/server/dev_ws/src/realsense_gazebo_plugin -DCATKIN_INSTALL_INTO_PREFIX_ROOT=0 -DCMAKE_INSTALL_PREFIX=/home/server/dev_ws/install/realsense_gazebo_plugin
[1.262s] Invoking command in '/home/server/dev_ws/build/realsense_gazebo_plugin': /usr/bin/cmake --build /home/server/dev_ws/build/realsense_gazebo_plugin -- -j8 -l8
[1.307s] [ 66%] [32mBuilding CXX object CMakeFiles/realsense_gazebo_plugin.dir/src/gazebo_ros_realsense.cpp.o[0m
[1.307s] [ 66%] [32mBuilding CXX object CMakeFiles/realsense_gazebo_plugin.dir/src/RealSensePlugin.cpp.o[0m
[22.889s] [100%] [32m[1mLinking CXX shared library librealsense_gazebo_plugin.so[0m
[23.806s] [100%] Built target realsense_gazebo_plugin
[23.815s] Invoked command in '/home/server/dev_ws/build/realsense_gazebo_plugin' returned '0': /usr/bin/cmake --build /home/server/dev_ws/build/realsense_gazebo_plugin -- -j8 -l8
[23.864s] Invoking command in '/home/server/dev_ws/build/realsense_gazebo_plugin': /usr/bin/cmake --install /home/server/dev_ws/build/realsense_gazebo_plugin
[23.870s] -- Install configuration: ""
[23.870s] -- Installing: /home/server/dev_ws/install/realsense_gazebo_plugin/lib/librealsense_gazebo_plugin.so
[23.874s] -- Set runtime path of "/home/server/dev_ws/install/realsense_gazebo_plugin/lib/librealsense_gazebo_plugin.so" to ""
[23.874s] -- Installing: /home/server/dev_ws/install/realsense_gazebo_plugin/include/
[23.874s] -- Installing: /home/server/dev_ws/install/realsense_gazebo_plugin/include//realsense_gazebo_plugin
[23.875s] -- Installing: /home/server/dev_ws/install/realsense_gazebo_plugin/include//realsense_gazebo_plugin/gazebo_ros_realsense.h
[23.875s] -- Installing: /home/server/dev_ws/install/realsense_gazebo_plugin/include//realsense_gazebo_plugin/RealSensePlugin.h
[23.875s] -- Installing: /home/server/dev_ws/install/realsense_gazebo_plugin/share/realsense_gazebo_plugin/environment/library_path.sh
[23.875s] -- Installing: /home/server/dev_ws/install/realsense_gazebo_plugin/share/realsense_gazebo_plugin/environment/library_path.dsv
[23.875s] -- Installing: /home/server/dev_ws/install/realsense_gazebo_plugin/share/ament_index/resource_index/package_run_dependencies/realsense_gazebo_plugin
[23.875s] -- Installing: /home/server/dev_ws/install/realsense_gazebo_plugin/share/ament_index/resource_index/parent_prefix_path/realsense_gazebo_plugin
[23.875s] -- Installing: /home/server/dev_ws/install/realsense_gazebo_plugin/share/realsense_gazebo_plugin/environment/ament_prefix_path.sh
[23.875s] -- Installing: /home/server/dev_ws/install/realsense_gazebo_plugin/share/realsense_gazebo_plugin/environment/ament_prefix_path.dsv
[23.876s] -- Installing: /home/server/dev_ws/install/realsense_gazebo_plugin/share/realsense_gazebo_plugin/environment/path.sh
[23.876s] -- Installing: /home/server/dev_ws/install/realsense_gazebo_plugin/share/realsense_gazebo_plugin/environment/path.dsv
[23.876s] -- Installing: /home/server/dev_ws/install/realsense_gazebo_plugin/share/realsense_gazebo_plugin/local_setup.bash
[23.876s] -- Installing: /home/server/dev_ws/install/realsense_gazebo_plugin/share/realsense_gazebo_plugin/local_setup.sh
[23.876s] -- Installing: /home/server/dev_ws/install/realsense_gazebo_plugin/share/realsense_gazebo_plugin/local_setup.zsh
[23.876s] -- Installing: /home/server/dev_ws/install/realsense_gazebo_plugin/share/realsense_gazebo_plugin/local_setup.dsv
[23.877s] -- Installing: /home/server/dev_ws/install/realsense_gazebo_plugin/share/realsense_gazebo_plugin/package.dsv
[23.877s] -- Installing: /home/server/dev_ws/install/realsense_gazebo_plugin/share/ament_index/resource_index/packages/realsense_gazebo_plugin
[23.877s] -- Installing: /home/server/dev_ws/install/realsense_gazebo_plugin/share/realsense_gazebo_plugin/cmake/ament_cmake_export_include_directories-extras.cmake
[23.877s] -- Installing: /home/server/dev_ws/install/realsense_gazebo_plugin/share/realsense_gazebo_plugin/cmake/ament_cmake_export_libraries-extras.cmake
[23.877s] -- Installing: /home/server/dev_ws/install/realsense_gazebo_plugin/share/realsense_gazebo_plugin/cmake/realsense_gazebo_pluginConfig.cmake
[23.878s] -- Installing: /home/server/dev_ws/install/realsense_gazebo_plugin/share/realsense_gazebo_plugin/cmake/realsense_gazebo_pluginConfig-version.cmake
[23.878s] -- Installing: /home/server/dev_ws/install/realsense_gazebo_plugin/share/realsense_gazebo_plugin/package.xml
[23.879s] Invoked command in '/home/server/dev_ws/build/realsense_gazebo_plugin' returned '0': /usr/bin/cmake --install /home/server/dev_ws/build/realsense_gazebo_plugin
