[0.011s] Invoking command in '/home/server/dev_ws/build/realsense_gazebo_plugin': /usr/bin/cmake /home/server/dev_ws/src/realsense_gazebo_plugin -DCATKIN_INSTALL_INTO_PREFIX_ROOT=0 -DCMAKE_INSTALL_PREFIX=/home/server/dev_ws/install/realsense_gazebo_plugin
[0.028s] -- Found ament_cmake: 1.3.5 (/opt/ros/humble/share/ament_cmake/cmake)
[0.176s] -- Found rclcpp: 16.0.5 (/opt/ros/humble/share/rclcpp/cmake)
[0.214s] -- Found rosidl_generator_c: 3.1.5 (/opt/ros/humble/share/rosidl_generator_c/cmake)
[0.218s] -- Found rosidl_adapter: 3.1.5 (/opt/ros/humble/share/rosidl_adapter/cmake)
[0.227s] -- Found rosidl_generator_cpp: 3.1.5 (/opt/ros/humble/share/rosidl_generator_cpp/cmake)
[0.241s] -- Using all available rosidl_typesupport_c: rosidl_typesupport_fastrtps_c;rosidl_typesupport_introspection_c
[0.259s] -- Using all available rosidl_typesupport_cpp: rosidl_typesupport_fastrtps_cpp;rosidl_typesupport_introspection_cpp
[0.325s] -- Found rmw_implementation_cmake: 6.1.1 (/opt/ros/humble/share/rmw_implementation_cmake/cmake)
[0.327s] -- Found rmw_fastrtps_cpp: 6.2.3 (/opt/ros/humble/share/rmw_fastrtps_cpp/cmake)
[0.444s] -- Using RMW implementation 'rmw_fastrtps_cpp' as default
[0.613s] -- Found gazebo_ros: 3.7.0 (/opt/ros/humble/share/gazebo_ros/cmake)
[0.660s] -- Found DART: /usr/include (Required is at least version "6.6") found components: dart 
[0.702s] -- Found Protobuf: /usr/lib/x86_64-linux-gnu/libprotobuf.so (found version "3.12.4") 
[0.705s] -- Looking for ignition-math6 -- found version 6.12.0
[0.714s] -- Searching for dependencies of ignition-math6
[0.716s] -- Looking for OGRE...
[0.722s] -- Found Ogre Ghadamon (1.9.0)
[0.722s] -- Found OGRE: optimized;/usr/lib/x86_64-linux-gnu/libOgreMain.so;debug;/usr/lib/x86_64-linux-gnu/libOgreMain.so
[0.731s] -- Looking for OGRE_Paging...
[0.731s] -- Found OGRE_Paging: optimized;/usr/lib/x86_64-linux-gnu/libOgrePaging.so;debug;/usr/lib/x86_64-linux-gnu/libOgrePaging.so
[0.731s] -- Looking for OGRE_Terrain...
[0.731s] -- Found OGRE_Terrain: optimized;/usr/lib/x86_64-linux-gnu/libOgreTerrain.so;debug;/usr/lib/x86_64-linux-gnu/libOgreTerrain.so
[0.732s] -- Looking for OGRE_Property...
[0.732s] -- Found OGRE_Property: optimized;/usr/lib/x86_64-linux-gnu/libOgreProperty.so;debug;/usr/lib/x86_64-linux-gnu/libOgreProperty.so
[0.732s] -- Looking for OGRE_RTShaderSystem...
[0.732s] -- Found OGRE_RTShaderSystem: optimized;/usr/lib/x86_64-linux-gnu/libOgreRTShaderSystem.so;debug;/usr/lib/x86_64-linux-gnu/libOgreRTShaderSystem.so
[0.732s] -- Looking for OGRE_Volume...
[0.732s] -- Found OGRE_Volume: optimized;/usr/lib/x86_64-linux-gnu/libOgreVolume.so;debug;/usr/lib/x86_64-linux-gnu/libOgreVolume.so
[0.732s] -- Looking for OGRE_Overlay...
[0.732s] -- Found OGRE_Overlay: optimized;/usr/lib/x86_64-linux-gnu/libOgreOverlay.so;debug;/usr/lib/x86_64-linux-gnu/libOgreOverlay.so
[0.823s] -- Looking for ignition-math6 -- found version 6.12.0
[0.826s] -- Looking for ignition-transport8 -- found version 8.2.1
[0.827s] -- Searching for dependencies of ignition-transport8
[0.843s] -- Found Protobuf: /usr/lib/x86_64-linux-gnu/libprotobuf.so (found suitable version "3.12.4", minimum required is "3") 
[0.851s] -- Config-file not installed for ZeroMQ -- checking for pkg-config
[0.856s] -- Checking for module 'libzmq >= 4'
[0.868s] --   Found libzmq , version 4.3.4
[0.900s] -- Checking for module 'uuid'
[0.910s] --   Found uuid, version 2.37.2
[0.937s] -- Looking for ignition-msgs5 -- found version 5.8.1
[0.937s] -- Searching for dependencies of ignition-msgs5
[0.953s] -- Looking for ignition-math6 -- found version 6.12.0
[0.958s] -- Checking for module 'tinyxml2'
[0.968s] --   Found tinyxml2, version 9.0.0
[0.994s] -- Looking for ignition-msgs5 -- found version 5.8.1
[0.995s] -- Looking for ignition-common3 -- found version 3.14.0
[0.995s] -- Searching for dependencies of ignition-common3
[0.996s] -- Looking for dlfcn.h - found
[0.996s] -- Looking for libdl - found
[1.009s] -- Searching for <ignition-common3> component [graphics]
[1.010s] -- Looking for ignition-common3-graphics -- found version 3.14.0
[1.010s] -- Searching for dependencies of ignition-common3-graphics
[1.010s] -- Looking for ignition-math6 -- found version 6.12.0
[1.012s] -- Looking for ignition-fuel_tools4 -- found version 4.4.0
[1.013s] -- Searching for dependencies of ignition-fuel_tools4
[1.048s] -- Checking for module 'jsoncpp'
[1.059s] --   Found jsoncpp, version 1.9.5
[1.089s] -- Checking for module 'libzip'
[1.099s] --   Found libzip, version 1.7.3
[1.124s] -- Looking for ignition-common3 -- found version 3.14.0
[1.124s] -- Looking for ignition-math6 -- found version 6.12.0
[1.125s] -- Looking for ignition-msgs5 -- found version 5.8.1
[1.127s] -- Gazebo version: 11.10
[1.133s] -- Found image_transport: 3.1.7 (/opt/ros/humble/share/image_transport/cmake)
[1.307s] [31mCMake Error at CMakeLists.txt:21 (find_package):
[1.307s]   By not providing "Findcamera_info_manager.cmake" in CMAKE_MODULE_PATH this
[1.307s]   project has asked CMake to find a package configuration file provided by
[1.307s]   "camera_info_manager", but CMake did not find one.
[1.307s] 
[1.308s]   Could not find a package configuration file provided by
[1.308s]   "camera_info_manager" with any of the following names:
[1.308s] 
[1.308s]     camera_info_managerConfig.cmake
[1.308s]     camera_info_manager-config.cmake
[1.308s] 
[1.308s]   Add the installation prefix of "camera_info_manager" to CMAKE_PREFIX_PATH
[1.308s]   or set "camera_info_manager_DIR" to a directory containing one of the above
[1.308s]   files.  If "camera_info_manager" provides a separate development package or
[1.308s]   SDK, be sure it has been installed.
[1.308s] 
[1.308s] [0m
[1.308s] -- Configuring incomplete, errors occurred!
[1.308s] See also "/home/server/dev_ws/build/realsense_gazebo_plugin/CMakeFiles/CMakeOutput.log".
[1.317s] Invoked command in '/home/server/dev_ws/build/realsense_gazebo_plugin' returned '1': /usr/bin/cmake /home/server/dev_ws/src/realsense_gazebo_plugin -DCATKIN_INSTALL_INTO_PREFIX_ROOT=0 -DCMAKE_INSTALL_PREFIX=/home/server/dev_ws/install/realsense_gazebo_plugin
