[0.013s] Invoking command in '/home/server/dev_ws/build/realsense_gazebo_plugin': /usr/bin/cmake /home/server/dev_ws/src/realsense_gazebo_plugin -DCATKIN_INSTALL_INTO_PREFIX_ROOT=0 -DCMAKE_INSTALL_PREFIX=/home/server/dev_ws/install/realsense_gazebo_plugin
[0.139s] -- The C compiler identification is GNU 11.4.0
[0.244s] -- The CXX compiler identification is GNU 11.4.0
[0.255s] -- Detecting C compiler ABI info
[0.316s] -- Detecting C compiler ABI info - done
[0.323s] -- Check for working C compiler: /usr/bin/cc - skipped
[0.324s] -- Detecting C compile features
[0.324s] -- Detecting C compile features - done
[0.328s] -- Detecting CXX compiler ABI info
[0.397s] -- Detecting CXX compiler ABI info - done
[0.405s] -- Check for working CXX compiler: /usr/bin/c++ - skipped
[0.405s] -- Detecting CXX compile features
[0.405s] -- Detecting CXX compile features - done
[0.409s] -- Found ament_cmake: 1.3.5 (/opt/ros/humble/share/ament_cmake/cmake)
[0.563s] -- Found Python3: /usr/bin/python3.10 (found version "3.10.12") found components: Interpreter 
[0.652s] -- Found rclcpp: 16.0.5 (/opt/ros/humble/share/rclcpp/cmake)
[0.700s] -- Found rosidl_generator_c: 3.1.5 (/opt/ros/humble/share/rosidl_generator_c/cmake)
[0.706s] -- Found rosidl_adapter: 3.1.5 (/opt/ros/humble/share/rosidl_adapter/cmake)
[0.716s] -- Found rosidl_generator_cpp: 3.1.5 (/opt/ros/humble/share/rosidl_generator_cpp/cmake)
[0.732s] -- Using all available rosidl_typesupport_c: rosidl_typesupport_fastrtps_c;rosidl_typesupport_introspection_c
[0.755s] -- Using all available rosidl_typesupport_cpp: rosidl_typesupport_fastrtps_cpp;rosidl_typesupport_introspection_cpp
[0.835s] -- Found rmw_implementation_cmake: 6.1.1 (/opt/ros/humble/share/rmw_implementation_cmake/cmake)
[0.838s] -- Found rmw_fastrtps_cpp: 6.2.3 (/opt/ros/humble/share/rmw_fastrtps_cpp/cmake)
[0.935s] -- Found OpenSSL: /usr/lib/x86_64-linux-gnu/libcrypto.so (found version "3.0.2")  
[0.959s] -- Found FastRTPS: /opt/ros/humble/include  
[1.000s] -- Using RMW implementation 'rmw_fastrtps_cpp' as default
[1.012s] -- Looking for pthread.h
[1.085s] -- Looking for pthread.h - found
[1.085s] -- Performing Test CMAKE_HAVE_LIBC_PTHREAD
[1.148s] -- Performing Test CMAKE_HAVE_LIBC_PTHREAD - Success
[1.149s] -- Found Threads: TRUE  
[1.310s] -- Found gazebo_ros: 3.7.0 (/opt/ros/humble/share/gazebo_ros/cmake)
[1.322s] -- Found PkgConfig: /usr/bin/pkg-config (found version "0.29.2") 
[1.324s] -- Checking for module 'bullet>=2.82'
[1.334s] --   Found bullet, version 3.05
[1.423s] -- Found fcl: /usr/include (found suitable version "0.7.0", minimum required is "0.5.0") 
[1.461s] -- Found assimp: /usr/include (found version "5.2.0") 
[1.483s] -- Found DART: /usr/include (Required is at least version "6.6") found components: dart 
[1.507s] -- Found Boost: /usr/lib/x86_64-linux-gnu/cmake/Boost-1.74.0/BoostConfig.cmake (found suitable version "1.74.0", minimum required is "1.40.0") found components: thread system filesystem program_options regex iostreams date_time 
[1.528s] -- Found Protobuf: /usr/lib/x86_64-linux-gnu/libprotobuf.so (found version "3.12.4") 
[1.533s] -- Looking for ignition-math6 -- found version 6.12.0
[1.542s] -- Searching for dependencies of ignition-math6
[1.544s] -- Looking for OGRE...
[1.545s] -- OGRE_PREFIX_WATCH changed.
[1.549s] -- Checking for module 'OGRE'
[1.559s] --   Found OGRE, version 1.9.0
[1.584s] -- Found Ogre Ghadamon (1.9.0)
[1.590s] -- Found OGRE: optimized;/usr/lib/x86_64-linux-gnu/libOgreMain.so;debug;/usr/lib/x86_64-linux-gnu/libOgreMain.so
[1.600s] -- Looking for OGRE_Paging...
[1.604s] -- Found OGRE_Paging: optimized;/usr/lib/x86_64-linux-gnu/libOgrePaging.so;debug;/usr/lib/x86_64-linux-gnu/libOgrePaging.so
[1.604s] -- Looking for OGRE_Terrain...
[1.608s] -- Found OGRE_Terrain: optimized;/usr/lib/x86_64-linux-gnu/libOgreTerrain.so;debug;/usr/lib/x86_64-linux-gnu/libOgreTerrain.so
[1.608s] -- Looking for OGRE_Property...
[1.612s] -- Found OGRE_Property: optimized;/usr/lib/x86_64-linux-gnu/libOgreProperty.so;debug;/usr/lib/x86_64-linux-gnu/libOgreProperty.so
[1.612s] -- Looking for OGRE_RTShaderSystem...
[1.615s] -- Found OGRE_RTShaderSystem: optimized;/usr/lib/x86_64-linux-gnu/libOgreRTShaderSystem.so;debug;/usr/lib/x86_64-linux-gnu/libOgreRTShaderSystem.so
[1.615s] -- Looking for OGRE_Volume...
[1.619s] -- Found OGRE_Volume: optimized;/usr/lib/x86_64-linux-gnu/libOgreVolume.so;debug;/usr/lib/x86_64-linux-gnu/libOgreVolume.so
[1.619s] -- Looking for OGRE_Overlay...
[1.623s] -- Found OGRE_Overlay: optimized;/usr/lib/x86_64-linux-gnu/libOgreOverlay.so;debug;/usr/lib/x86_64-linux-gnu/libOgreOverlay.so
[1.705s] -- Looking for ignition-math6 -- found version 6.12.0
[1.707s] -- Looking for ignition-transport8 -- found version 8.2.1
[1.708s] -- Searching for dependencies of ignition-transport8
[1.722s] -- Found Protobuf: /usr/lib/x86_64-linux-gnu/libprotobuf.so (found suitable version "3.12.4", minimum required is "3") 
[1.731s] -- Config-file not installed for ZeroMQ -- checking for pkg-config
[1.735s] -- Checking for module 'libzmq >= 4'
[1.747s] --   Found libzmq , version 4.3.4
[1.774s] -- Found ZeroMQ: TRUE (Required is at least version "4") 
[1.779s] -- Checking for module 'uuid'
[1.789s] --   Found uuid, version 2.37.2
[1.814s] -- Found UUID: TRUE  
[1.816s] -- Looking for ignition-msgs5 -- found version 5.8.1
[1.817s] -- Searching for dependencies of ignition-msgs5
[1.832s] -- Looking for ignition-math6 -- found version 6.12.0
[1.837s] -- Checking for module 'tinyxml2'
[1.847s] --   Found tinyxml2, version 9.0.0
[1.873s] -- Looking for ignition-msgs5 -- found version 5.8.1
[1.875s] -- Looking for ignition-common3 -- found version 3.14.0
[1.876s] -- Searching for dependencies of ignition-common3
[1.876s] -- Looking for dlfcn.h - found
[1.877s] -- Looking for libdl - found
[1.878s] -- Found DL: TRUE  
[1.888s] -- Found tinyobjloader: /usr/lib/x86_64-linux-gnu/cmake/tinyobjloader/tinyobjloader-config.cmake (found version "2.0.0") 
[1.889s] -- Searching for <ignition-common3> component [graphics]
[1.891s] -- Looking for ignition-common3-graphics -- found version 3.14.0
[1.891s] -- Searching for dependencies of ignition-common3-graphics
[1.892s] -- Looking for ignition-math6 -- found version 6.12.0
[1.894s] -- Looking for ignition-fuel_tools4 -- found version 4.4.0
[1.895s] -- Searching for dependencies of ignition-fuel_tools4
[1.954s] -- Found CURL: /usr/lib/x86_64-linux-gnu/libcurl.so (found version "7.81.0")  
[1.962s] -- Checking for module 'jsoncpp'
[1.972s] --   Found jsoncpp, version 1.9.5
[1.997s] -- Found JSONCPP: TRUE  
[2.002s] -- Checking for module 'libzip'
[2.012s] --   Found libzip, version 1.7.3
[2.038s] -- Found ZIP: TRUE  
[2.038s] -- Looking for ignition-common3 -- found version 3.14.0
[2.039s] -- Looking for ignition-math6 -- found version 6.12.0
[2.039s] -- Looking for ignition-msgs5 -- found version 5.8.1
[2.043s] -- Gazebo version: 11.10
[2.043s] -- Checking for module 'tbb'
[2.053s] --   Found tbb, version 2021.5.0
[2.084s] -- Found image_transport: 3.1.7 (/opt/ros/humble/share/image_transport/cmake)
[2.263s] [31mCMake Error at CMakeLists.txt:21 (find_package):
[2.263s]   By not providing "Findcamera_info_manager.cmake" in CMAKE_MODULE_PATH this
[2.263s]   project has asked CMake to find a package configuration file provided by
[2.263s]   "camera_info_manager", but CMake did not find one.
[2.263s] 
[2.263s]   Could not find a package configuration file provided by
[2.264s]   "camera_info_manager" with any of the following names:
[2.264s] 
[2.264s]     camera_info_managerConfig.cmake
[2.264s]     camera_info_manager-config.cmake
[2.264s] 
[2.264s]   Add the installation prefix of "camera_info_manager" to CMAKE_PREFIX_PATH
[2.264s]   or set "camera_info_manager_DIR" to a directory containing one of the above
[2.264s]   files.  If "camera_info_manager" provides a separate development package or
[2.264s]   SDK, be sure it has been installed.
[2.264s] 
[2.264s] [0m
[2.264s] -- Configuring incomplete, errors occurred!
[2.264s] See also "/home/server/dev_ws/build/realsense_gazebo_plugin/CMakeFiles/CMakeOutput.log".
[2.277s] Invoked command in '/home/server/dev_ws/build/realsense_gazebo_plugin' returned '1': /usr/bin/cmake /home/server/dev_ws/src/realsense_gazebo_plugin -DCATKIN_INSTALL_INTO_PREFIX_ROOT=0 -DCMAKE_INSTALL_PREFIX=/home/server/dev_ws/install/realsense_gazebo_plugin
