[0.308s] DEBUG:colcon:Command line arguments: ['/usr/bin/colcon', 'build']
[0.308s] DEBUG:colcon:Parsed command line arguments: Namespace(log_base=None, log_level=None, verb_name='build', build_base='build', install_base='install', merge_install=False, symlink_install=False, test_result_base=None, continue_on_error=False, executor='parallel', parallel_workers=8, event_handlers=None, ignore_user_meta=False, metas=['./colcon.meta'], base_paths=['.'], packages_ignore=None, packages_ignore_regex=None, paths=None, packages_up_to=None, packages_up_to_regex=None, packages_above=None, packages_above_and_dependencies=None, packages_above_depth=None, packages_select_by_dep=None, packages_skip_by_dep=None, packages_skip_up_to=None, packages_select_build_failed=False, packages_skip_build_finished=False, packages_select_test_failures=False, packages_skip_test_passed=False, packages_select=None, packages_skip=None, packages_select_regex=None, packages_skip_regex=None, packages_start=None, packages_end=None, allow_overriding=[], cmake_args=None, cmake_target=None, cmake_target_skip_unavailable=False, cmake_clean_cache=False, cmake_clean_first=False, cmake_force_configure=False, ament_cmake_args=None, catkin_cmake_args=None, catkin_skip_building_tests=False, verb_parser=<colcon_defaults.argument_parser.defaults.DefaultArgumentsDecorator object at 0x7febdb1cf280>, verb_extension=<colcon_core.verb.build.BuildVerb object at 0x7febdb012a40>, main=<bound method BuildVerb.main of <colcon_core.verb.build.BuildVerb object at 0x7febdb012a40>>)
[0.329s] Level 1:colcon.colcon_core.package_discovery:discover_packages(colcon_meta) check parameters
[0.329s] Level 1:colcon.colcon_core.package_discovery:discover_packages(recursive) check parameters
[0.329s] Level 1:colcon.colcon_core.package_discovery:discover_packages(ignore) check parameters
[0.329s] Level 1:colcon.colcon_core.package_discovery:discover_packages(path) check parameters
[0.329s] Level 1:colcon.colcon_core.package_discovery:discover_packages(colcon_meta) discover
[0.329s] Level 1:colcon.colcon_core.package_discovery:discover_packages(recursive) discover
[0.329s] INFO:colcon.colcon_core.package_discovery:Crawling recursively for packages in '/home/server/dev_ws'
[0.329s] Level 1:colcon.colcon_core.package_identification:_identify(.) by extensions ['ignore', 'ignore_ament_install']
[0.330s] Level 1:colcon.colcon_core.package_identification:_identify(.) by extension 'ignore'
[0.330s] Level 1:colcon.colcon_core.package_identification:_identify(.) by extension 'ignore_ament_install'
[0.330s] Level 1:colcon.colcon_core.package_identification:_identify(.) by extensions ['colcon_pkg']
[0.330s] Level 1:colcon.colcon_core.package_identification:_identify(.) by extension 'colcon_pkg'
[0.330s] Level 1:colcon.colcon_core.package_identification:_identify(.) by extensions ['colcon_meta']
[0.330s] Level 1:colcon.colcon_core.package_identification:_identify(.) by extension 'colcon_meta'
[0.330s] Level 1:colcon.colcon_core.package_identification:_identify(.) by extensions ['ros']
[0.330s] Level 1:colcon.colcon_core.package_identification:_identify(.) by extension 'ros'
[0.340s] Level 1:colcon.colcon_core.package_identification:_identify(.) by extensions ['cmake', 'python']
[0.340s] Level 1:colcon.colcon_core.package_identification:_identify(.) by extension 'cmake'
[0.340s] Level 1:colcon.colcon_core.package_identification:_identify(.) by extension 'python'
[0.340s] Level 1:colcon.colcon_core.package_identification:_identify(.) by extensions ['python_setup_py']
[0.340s] Level 1:colcon.colcon_core.package_identification:_identify(.) by extension 'python_setup_py'
[0.340s] Level 1:colcon.colcon_core.package_identification:_identify(build) by extensions ['ignore', 'ignore_ament_install']
[0.340s] Level 1:colcon.colcon_core.package_identification:_identify(build) by extension 'ignore'
[0.340s] Level 1:colcon.colcon_core.package_identification:_identify(build) ignored
[0.340s] Level 1:colcon.colcon_core.package_identification:_identify(install) by extensions ['ignore', 'ignore_ament_install']
[0.340s] Level 1:colcon.colcon_core.package_identification:_identify(install) by extension 'ignore'
[0.340s] Level 1:colcon.colcon_core.package_identification:_identify(install) ignored
[0.341s] Level 1:colcon.colcon_core.package_identification:_identify(log) by extensions ['ignore', 'ignore_ament_install']
[0.341s] Level 1:colcon.colcon_core.package_identification:_identify(log) by extension 'ignore'
[0.341s] Level 1:colcon.colcon_core.package_identification:_identify(log) ignored
[0.341s] Level 1:colcon.colcon_core.package_identification:_identify(src) by extensions ['ignore', 'ignore_ament_install']
[0.341s] Level 1:colcon.colcon_core.package_identification:_identify(src) by extension 'ignore'
[0.341s] Level 1:colcon.colcon_core.package_identification:_identify(src) by extension 'ignore_ament_install'
[0.341s] Level 1:colcon.colcon_core.package_identification:_identify(src) by extensions ['colcon_pkg']
[0.341s] Level 1:colcon.colcon_core.package_identification:_identify(src) by extension 'colcon_pkg'
[0.341s] Level 1:colcon.colcon_core.package_identification:_identify(src) by extensions ['colcon_meta']
[0.341s] Level 1:colcon.colcon_core.package_identification:_identify(src) by extension 'colcon_meta'
[0.341s] Level 1:colcon.colcon_core.package_identification:_identify(src) by extensions ['ros']
[0.341s] Level 1:colcon.colcon_core.package_identification:_identify(src) by extension 'ros'
[0.341s] Level 1:colcon.colcon_core.package_identification:_identify(src) by extensions ['cmake', 'python']
[0.341s] Level 1:colcon.colcon_core.package_identification:_identify(src) by extension 'cmake'
[0.341s] Level 1:colcon.colcon_core.package_identification:_identify(src) by extension 'python'
[0.341s] Level 1:colcon.colcon_core.package_identification:_identify(src) by extensions ['python_setup_py']
[0.341s] Level 1:colcon.colcon_core.package_identification:_identify(src) by extension 'python_setup_py'
[0.341s] Level 1:colcon.colcon_core.package_identification:_identify(src/my_bot) by extensions ['ignore', 'ignore_ament_install']
[0.342s] Level 1:colcon.colcon_core.package_identification:_identify(src/my_bot) by extension 'ignore'
[0.342s] Level 1:colcon.colcon_core.package_identification:_identify(src/my_bot) by extension 'ignore_ament_install'
[0.342s] Level 1:colcon.colcon_core.package_identification:_identify(src/my_bot) by extensions ['colcon_pkg']
[0.342s] Level 1:colcon.colcon_core.package_identification:_identify(src/my_bot) by extension 'colcon_pkg'
[0.342s] Level 1:colcon.colcon_core.package_identification:_identify(src/my_bot) by extensions ['colcon_meta']
[0.342s] Level 1:colcon.colcon_core.package_identification:_identify(src/my_bot) by extension 'colcon_meta'
[0.342s] Level 1:colcon.colcon_core.package_identification:_identify(src/my_bot) by extensions ['ros']
[0.342s] Level 1:colcon.colcon_core.package_identification:_identify(src/my_bot) by extension 'ros'
[0.344s] DEBUG:colcon.colcon_core.package_identification:Package 'src/my_bot' with type 'ros.ament_cmake' and name 'my_bot'
[0.344s] Level 1:colcon.colcon_core.package_identification:_identify(src/realsense-ros-ros2-development) by extensions ['ignore', 'ignore_ament_install']
[0.344s] Level 1:colcon.colcon_core.package_identification:_identify(src/realsense-ros-ros2-development) by extension 'ignore'
[0.344s] Level 1:colcon.colcon_core.package_identification:_identify(src/realsense-ros-ros2-development) by extension 'ignore_ament_install'
[0.344s] Level 1:colcon.colcon_core.package_identification:_identify(src/realsense-ros-ros2-development) by extensions ['colcon_pkg']
[0.344s] Level 1:colcon.colcon_core.package_identification:_identify(src/realsense-ros-ros2-development) by extension 'colcon_pkg'
[0.344s] Level 1:colcon.colcon_core.package_identification:_identify(src/realsense-ros-ros2-development) by extensions ['colcon_meta']
[0.344s] Level 1:colcon.colcon_core.package_identification:_identify(src/realsense-ros-ros2-development) by extension 'colcon_meta'
[0.344s] Level 1:colcon.colcon_core.package_identification:_identify(src/realsense-ros-ros2-development) by extensions ['ros']
[0.344s] Level 1:colcon.colcon_core.package_identification:_identify(src/realsense-ros-ros2-development) by extension 'ros'
[0.344s] Level 1:colcon.colcon_core.package_identification:_identify(src/realsense-ros-ros2-development) by extensions ['cmake', 'python']
[0.345s] Level 1:colcon.colcon_core.package_identification:_identify(src/realsense-ros-ros2-development) by extension 'cmake'
[0.345s] Level 1:colcon.colcon_core.package_identification:_identify(src/realsense-ros-ros2-development) by extension 'python'
[0.345s] Level 1:colcon.colcon_core.package_identification:_identify(src/realsense-ros-ros2-development) by extensions ['python_setup_py']
[0.345s] Level 1:colcon.colcon_core.package_identification:_identify(src/realsense-ros-ros2-development) by extension 'python_setup_py'
[0.345s] Level 1:colcon.colcon_core.package_identification:_identify(src/realsense-ros-ros2-development/realsense2_camera) by extensions ['ignore', 'ignore_ament_install']
[0.345s] Level 1:colcon.colcon_core.package_identification:_identify(src/realsense-ros-ros2-development/realsense2_camera) by extension 'ignore'
[0.345s] Level 1:colcon.colcon_core.package_identification:_identify(src/realsense-ros-ros2-development/realsense2_camera) by extension 'ignore_ament_install'
[0.345s] Level 1:colcon.colcon_core.package_identification:_identify(src/realsense-ros-ros2-development/realsense2_camera) by extensions ['colcon_pkg']
[0.345s] Level 1:colcon.colcon_core.package_identification:_identify(src/realsense-ros-ros2-development/realsense2_camera) by extension 'colcon_pkg'
[0.345s] Level 1:colcon.colcon_core.package_identification:_identify(src/realsense-ros-ros2-development/realsense2_camera) by extensions ['colcon_meta']
[0.345s] Level 1:colcon.colcon_core.package_identification:_identify(src/realsense-ros-ros2-development/realsense2_camera) by extension 'colcon_meta'
[0.345s] Level 1:colcon.colcon_core.package_identification:_identify(src/realsense-ros-ros2-development/realsense2_camera) by extensions ['ros']
[0.345s] Level 1:colcon.colcon_core.package_identification:_identify(src/realsense-ros-ros2-development/realsense2_camera) by extension 'ros'
[0.347s] DEBUG:colcon.colcon_core.package_identification:Package 'src/realsense-ros-ros2-development/realsense2_camera' with type 'ros.ament_cmake' and name 'realsense2_camera'
[0.347s] Level 1:colcon.colcon_core.package_identification:_identify(src/realsense-ros-ros2-development/realsense2_camera_msgs) by extensions ['ignore', 'ignore_ament_install']
[0.347s] Level 1:colcon.colcon_core.package_identification:_identify(src/realsense-ros-ros2-development/realsense2_camera_msgs) by extension 'ignore'
[0.347s] Level 1:colcon.colcon_core.package_identification:_identify(src/realsense-ros-ros2-development/realsense2_camera_msgs) by extension 'ignore_ament_install'
[0.347s] Level 1:colcon.colcon_core.package_identification:_identify(src/realsense-ros-ros2-development/realsense2_camera_msgs) by extensions ['colcon_pkg']
[0.347s] Level 1:colcon.colcon_core.package_identification:_identify(src/realsense-ros-ros2-development/realsense2_camera_msgs) by extension 'colcon_pkg'
[0.347s] Level 1:colcon.colcon_core.package_identification:_identify(src/realsense-ros-ros2-development/realsense2_camera_msgs) by extensions ['colcon_meta']
[0.347s] Level 1:colcon.colcon_core.package_identification:_identify(src/realsense-ros-ros2-development/realsense2_camera_msgs) by extension 'colcon_meta'
[0.347s] Level 1:colcon.colcon_core.package_identification:_identify(src/realsense-ros-ros2-development/realsense2_camera_msgs) by extensions ['ros']
[0.347s] Level 1:colcon.colcon_core.package_identification:_identify(src/realsense-ros-ros2-development/realsense2_camera_msgs) by extension 'ros'
[0.348s] DEBUG:colcon.colcon_core.package_identification:Package 'src/realsense-ros-ros2-development/realsense2_camera_msgs' with type 'ros.ament_cmake' and name 'realsense2_camera_msgs'
[0.348s] Level 1:colcon.colcon_core.package_identification:_identify(src/realsense-ros-ros2-development/realsense2_description) by extensions ['ignore', 'ignore_ament_install']
[0.348s] Level 1:colcon.colcon_core.package_identification:_identify(src/realsense-ros-ros2-development/realsense2_description) by extension 'ignore'
[0.348s] Level 1:colcon.colcon_core.package_identification:_identify(src/realsense-ros-ros2-development/realsense2_description) by extension 'ignore_ament_install'
[0.348s] Level 1:colcon.colcon_core.package_identification:_identify(src/realsense-ros-ros2-development/realsense2_description) by extensions ['colcon_pkg']
[0.348s] Level 1:colcon.colcon_core.package_identification:_identify(src/realsense-ros-ros2-development/realsense2_description) by extension 'colcon_pkg'
[0.348s] Level 1:colcon.colcon_core.package_identification:_identify(src/realsense-ros-ros2-development/realsense2_description) by extensions ['colcon_meta']
[0.348s] Level 1:colcon.colcon_core.package_identification:_identify(src/realsense-ros-ros2-development/realsense2_description) by extension 'colcon_meta'
[0.348s] Level 1:colcon.colcon_core.package_identification:_identify(src/realsense-ros-ros2-development/realsense2_description) by extensions ['ros']
[0.348s] Level 1:colcon.colcon_core.package_identification:_identify(src/realsense-ros-ros2-development/realsense2_description) by extension 'ros'
[0.349s] DEBUG:colcon.colcon_core.package_identification:Package 'src/realsense-ros-ros2-development/realsense2_description' with type 'ros.ament_cmake' and name 'realsense2_description'
[0.349s] Level 1:colcon.colcon_core.package_identification:_identify(src/realsense-ros-ros2-development/scripts) by extensions ['ignore', 'ignore_ament_install']
[0.349s] Level 1:colcon.colcon_core.package_identification:_identify(src/realsense-ros-ros2-development/scripts) by extension 'ignore'
[0.349s] Level 1:colcon.colcon_core.package_identification:_identify(src/realsense-ros-ros2-development/scripts) by extension 'ignore_ament_install'
[0.349s] Level 1:colcon.colcon_core.package_identification:_identify(src/realsense-ros-ros2-development/scripts) by extensions ['colcon_pkg']
[0.349s] Level 1:colcon.colcon_core.package_identification:_identify(src/realsense-ros-ros2-development/scripts) by extension 'colcon_pkg'
[0.349s] Level 1:colcon.colcon_core.package_identification:_identify(src/realsense-ros-ros2-development/scripts) by extensions ['colcon_meta']
[0.349s] Level 1:colcon.colcon_core.package_identification:_identify(src/realsense-ros-ros2-development/scripts) by extension 'colcon_meta'
[0.349s] Level 1:colcon.colcon_core.package_identification:_identify(src/realsense-ros-ros2-development/scripts) by extensions ['ros']
[0.349s] Level 1:colcon.colcon_core.package_identification:_identify(src/realsense-ros-ros2-development/scripts) by extension 'ros'
[0.349s] Level 1:colcon.colcon_core.package_identification:_identify(src/realsense-ros-ros2-development/scripts) by extensions ['cmake', 'python']
[0.350s] Level 1:colcon.colcon_core.package_identification:_identify(src/realsense-ros-ros2-development/scripts) by extension 'cmake'
[0.350s] Level 1:colcon.colcon_core.package_identification:_identify(src/realsense-ros-ros2-development/scripts) by extension 'python'
[0.350s] Level 1:colcon.colcon_core.package_identification:_identify(src/realsense-ros-ros2-development/scripts) by extensions ['python_setup_py']
[0.350s] Level 1:colcon.colcon_core.package_identification:_identify(src/realsense-ros-ros2-development/scripts) by extension 'python_setup_py'
[0.350s] Level 1:colcon.colcon_core.package_identification:_identify(src/realsense_gazebo_plugin) by extensions ['ignore', 'ignore_ament_install']
[0.350s] Level 1:colcon.colcon_core.package_identification:_identify(src/realsense_gazebo_plugin) by extension 'ignore'
[0.350s] Level 1:colcon.colcon_core.package_identification:_identify(src/realsense_gazebo_plugin) by extension 'ignore_ament_install'
[0.350s] Level 1:colcon.colcon_core.package_identification:_identify(src/realsense_gazebo_plugin) by extensions ['colcon_pkg']
[0.350s] Level 1:colcon.colcon_core.package_identification:_identify(src/realsense_gazebo_plugin) by extension 'colcon_pkg'
[0.350s] Level 1:colcon.colcon_core.package_identification:_identify(src/realsense_gazebo_plugin) by extensions ['colcon_meta']
[0.350s] Level 1:colcon.colcon_core.package_identification:_identify(src/realsense_gazebo_plugin) by extension 'colcon_meta'
[0.350s] Level 1:colcon.colcon_core.package_identification:_identify(src/realsense_gazebo_plugin) by extensions ['ros']
[0.350s] Level 1:colcon.colcon_core.package_identification:_identify(src/realsense_gazebo_plugin) by extension 'ros'
[0.351s] DEBUG:colcon.colcon_core.package_identification:Package 'src/realsense_gazebo_plugin' with type 'ros.catkin' and name 'realsense_gazebo_plugin'
[0.351s] Level 1:colcon.colcon_core.package_discovery:discover_packages(recursive) using defaults
[0.351s] Level 1:colcon.colcon_core.package_discovery:discover_packages(ignore) discover
[0.351s] Level 1:colcon.colcon_core.package_discovery:discover_packages(ignore) using defaults
[0.351s] Level 1:colcon.colcon_core.package_discovery:discover_packages(path) discover
[0.351s] Level 1:colcon.colcon_core.package_discovery:discover_packages(path) using defaults
[0.371s] Level 1:colcon.colcon_core.package_discovery:discover_packages(prefix_path) check parameters
[0.371s] Level 1:colcon.colcon_core.package_discovery:discover_packages(prefix_path) discover
[0.373s] DEBUG:colcon.colcon_installed_package_information.package_discovery:Found 3 installed packages in /home/server/dev_ws/install
[0.375s] DEBUG:colcon.colcon_installed_package_information.package_discovery:Found 331 installed packages in /opt/ros/humble
[0.376s] Level 1:colcon.colcon_core.package_discovery:discover_packages(prefix_path) using defaults
[0.440s] Level 5:colcon.colcon_core.verb:set package 'my_bot' build argument 'cmake_args' from command line to 'None'
[0.440s] Level 5:colcon.colcon_core.verb:set package 'my_bot' build argument 'cmake_target' from command line to 'None'
[0.440s] Level 5:colcon.colcon_core.verb:set package 'my_bot' build argument 'cmake_target_skip_unavailable' from command line to 'False'
[0.440s] Level 5:colcon.colcon_core.verb:set package 'my_bot' build argument 'cmake_clean_cache' from command line to 'False'
[0.440s] Level 5:colcon.colcon_core.verb:set package 'my_bot' build argument 'cmake_clean_first' from command line to 'False'
[0.440s] Level 5:colcon.colcon_core.verb:set package 'my_bot' build argument 'cmake_force_configure' from command line to 'False'
[0.440s] Level 5:colcon.colcon_core.verb:set package 'my_bot' build argument 'ament_cmake_args' from command line to 'None'
[0.440s] Level 5:colcon.colcon_core.verb:set package 'my_bot' build argument 'catkin_cmake_args' from command line to 'None'
[0.440s] Level 5:colcon.colcon_core.verb:set package 'my_bot' build argument 'catkin_skip_building_tests' from command line to 'False'
[0.440s] DEBUG:colcon.colcon_core.verb:Building package 'my_bot' with the following arguments: {'ament_cmake_args': None, 'build_base': '/home/server/dev_ws/build/my_bot', 'catkin_cmake_args': None, 'catkin_skip_building_tests': False, 'cmake_args': None, 'cmake_clean_cache': False, 'cmake_clean_first': False, 'cmake_force_configure': False, 'cmake_target': None, 'cmake_target_skip_unavailable': False, 'install_base': '/home/server/dev_ws/install/my_bot', 'merge_install': False, 'path': '/home/server/dev_ws/src/my_bot', 'symlink_install': False, 'test_result_base': None}
[0.441s] Level 5:colcon.colcon_core.verb:set package 'realsense2_camera_msgs' build argument 'cmake_args' from command line to 'None'
[0.441s] Level 5:colcon.colcon_core.verb:set package 'realsense2_camera_msgs' build argument 'cmake_target' from command line to 'None'
[0.441s] Level 5:colcon.colcon_core.verb:set package 'realsense2_camera_msgs' build argument 'cmake_target_skip_unavailable' from command line to 'False'
[0.441s] Level 5:colcon.colcon_core.verb:set package 'realsense2_camera_msgs' build argument 'cmake_clean_cache' from command line to 'False'
[0.441s] Level 5:colcon.colcon_core.verb:set package 'realsense2_camera_msgs' build argument 'cmake_clean_first' from command line to 'False'
[0.441s] Level 5:colcon.colcon_core.verb:set package 'realsense2_camera_msgs' build argument 'cmake_force_configure' from command line to 'False'
[0.441s] Level 5:colcon.colcon_core.verb:set package 'realsense2_camera_msgs' build argument 'ament_cmake_args' from command line to 'None'
[0.441s] Level 5:colcon.colcon_core.verb:set package 'realsense2_camera_msgs' build argument 'catkin_cmake_args' from command line to 'None'
[0.441s] Level 5:colcon.colcon_core.verb:set package 'realsense2_camera_msgs' build argument 'catkin_skip_building_tests' from command line to 'False'
[0.441s] DEBUG:colcon.colcon_core.verb:Building package 'realsense2_camera_msgs' with the following arguments: {'ament_cmake_args': None, 'build_base': '/home/server/dev_ws/build/realsense2_camera_msgs', 'catkin_cmake_args': None, 'catkin_skip_building_tests': False, 'cmake_args': None, 'cmake_clean_cache': False, 'cmake_clean_first': False, 'cmake_force_configure': False, 'cmake_target': None, 'cmake_target_skip_unavailable': False, 'install_base': '/home/server/dev_ws/install/realsense2_camera_msgs', 'merge_install': False, 'path': '/home/server/dev_ws/src/realsense-ros-ros2-development/realsense2_camera_msgs', 'symlink_install': False, 'test_result_base': None}
[0.442s] Level 5:colcon.colcon_core.verb:set package 'realsense_gazebo_plugin' build argument 'cmake_args' from command line to 'None'
[0.442s] Level 5:colcon.colcon_core.verb:set package 'realsense_gazebo_plugin' build argument 'cmake_target' from command line to 'None'
[0.442s] Level 5:colcon.colcon_core.verb:set package 'realsense_gazebo_plugin' build argument 'cmake_target_skip_unavailable' from command line to 'False'
[0.442s] Level 5:colcon.colcon_core.verb:set package 'realsense_gazebo_plugin' build argument 'cmake_clean_cache' from command line to 'False'
[0.442s] Level 5:colcon.colcon_core.verb:set package 'realsense_gazebo_plugin' build argument 'cmake_clean_first' from command line to 'False'
[0.442s] Level 5:colcon.colcon_core.verb:set package 'realsense_gazebo_plugin' build argument 'cmake_force_configure' from command line to 'False'
[0.442s] Level 5:colcon.colcon_core.verb:set package 'realsense_gazebo_plugin' build argument 'ament_cmake_args' from command line to 'None'
[0.442s] Level 5:colcon.colcon_core.verb:set package 'realsense_gazebo_plugin' build argument 'catkin_cmake_args' from command line to 'None'
[0.442s] Level 5:colcon.colcon_core.verb:set package 'realsense_gazebo_plugin' build argument 'catkin_skip_building_tests' from command line to 'False'
[0.443s] DEBUG:colcon.colcon_core.verb:Building package 'realsense_gazebo_plugin' with the following arguments: {'ament_cmake_args': None, 'build_base': '/home/server/dev_ws/build/realsense_gazebo_plugin', 'catkin_cmake_args': None, 'catkin_skip_building_tests': False, 'cmake_args': None, 'cmake_clean_cache': False, 'cmake_clean_first': False, 'cmake_force_configure': False, 'cmake_target': None, 'cmake_target_skip_unavailable': False, 'install_base': '/home/server/dev_ws/install/realsense_gazebo_plugin', 'merge_install': False, 'path': '/home/server/dev_ws/src/realsense_gazebo_plugin', 'symlink_install': False, 'test_result_base': None}
[0.443s] Level 5:colcon.colcon_core.verb:set package 'realsense2_camera' build argument 'cmake_args' from command line to 'None'
[0.443s] Level 5:colcon.colcon_core.verb:set package 'realsense2_camera' build argument 'cmake_target' from command line to 'None'
[0.443s] Level 5:colcon.colcon_core.verb:set package 'realsense2_camera' build argument 'cmake_target_skip_unavailable' from command line to 'False'
[0.443s] Level 5:colcon.colcon_core.verb:set package 'realsense2_camera' build argument 'cmake_clean_cache' from command line to 'False'
[0.443s] Level 5:colcon.colcon_core.verb:set package 'realsense2_camera' build argument 'cmake_clean_first' from command line to 'False'
[0.443s] Level 5:colcon.colcon_core.verb:set package 'realsense2_camera' build argument 'cmake_force_configure' from command line to 'False'
[0.444s] Level 5:colcon.colcon_core.verb:set package 'realsense2_camera' build argument 'ament_cmake_args' from command line to 'None'
[0.444s] Level 5:colcon.colcon_core.verb:set package 'realsense2_camera' build argument 'catkin_cmake_args' from command line to 'None'
[0.444s] Level 5:colcon.colcon_core.verb:set package 'realsense2_camera' build argument 'catkin_skip_building_tests' from command line to 'False'
[0.444s] DEBUG:colcon.colcon_core.verb:Building package 'realsense2_camera' with the following arguments: {'ament_cmake_args': None, 'build_base': '/home/server/dev_ws/build/realsense2_camera', 'catkin_cmake_args': None, 'catkin_skip_building_tests': False, 'cmake_args': None, 'cmake_clean_cache': False, 'cmake_clean_first': False, 'cmake_force_configure': False, 'cmake_target': None, 'cmake_target_skip_unavailable': False, 'install_base': '/home/server/dev_ws/install/realsense2_camera', 'merge_install': False, 'path': '/home/server/dev_ws/src/realsense-ros-ros2-development/realsense2_camera', 'symlink_install': False, 'test_result_base': None}
[0.444s] Level 5:colcon.colcon_core.verb:set package 'realsense2_description' build argument 'cmake_args' from command line to 'None'
[0.444s] Level 5:colcon.colcon_core.verb:set package 'realsense2_description' build argument 'cmake_target' from command line to 'None'
[0.444s] Level 5:colcon.colcon_core.verb:set package 'realsense2_description' build argument 'cmake_target_skip_unavailable' from command line to 'False'
[0.445s] Level 5:colcon.colcon_core.verb:set package 'realsense2_description' build argument 'cmake_clean_cache' from command line to 'False'
[0.445s] Level 5:colcon.colcon_core.verb:set package 'realsense2_description' build argument 'cmake_clean_first' from command line to 'False'
[0.445s] Level 5:colcon.colcon_core.verb:set package 'realsense2_description' build argument 'cmake_force_configure' from command line to 'False'
[0.445s] Level 5:colcon.colcon_core.verb:set package 'realsense2_description' build argument 'ament_cmake_args' from command line to 'None'
[0.445s] Level 5:colcon.colcon_core.verb:set package 'realsense2_description' build argument 'catkin_cmake_args' from command line to 'None'
[0.445s] Level 5:colcon.colcon_core.verb:set package 'realsense2_description' build argument 'catkin_skip_building_tests' from command line to 'False'
[0.445s] DEBUG:colcon.colcon_core.verb:Building package 'realsense2_description' with the following arguments: {'ament_cmake_args': None, 'build_base': '/home/server/dev_ws/build/realsense2_description', 'catkin_cmake_args': None, 'catkin_skip_building_tests': False, 'cmake_args': None, 'cmake_clean_cache': False, 'cmake_clean_first': False, 'cmake_force_configure': False, 'cmake_target': None, 'cmake_target_skip_unavailable': False, 'install_base': '/home/server/dev_ws/install/realsense2_description', 'merge_install': False, 'path': '/home/server/dev_ws/src/realsense-ros-ros2-development/realsense2_description', 'symlink_install': False, 'test_result_base': None}
[0.445s] INFO:colcon.colcon_core.executor:Executing jobs using 'parallel' executor
[0.448s] DEBUG:colcon.colcon_parallel_executor.executor.parallel:run_until_complete
[0.448s] INFO:colcon.colcon_ros.task.ament_cmake.build:Building ROS package in '/home/server/dev_ws/src/realsense-ros-ros2-development/realsense2_camera_msgs' with build type 'ament_cmake'
[0.449s] INFO:colcon.colcon_cmake.task.cmake.build:Building CMake package in '/home/server/dev_ws/src/realsense-ros-ros2-development/realsense2_camera_msgs'
[0.452s] INFO:colcon.colcon_core.plugin_system:Skipping extension 'colcon_core.shell.bat': Not used on non-Windows systems
[0.452s] INFO:colcon.colcon_core.shell:Skip shell extension 'powershell' for command environment: Not usable outside of PowerShell
[0.452s] DEBUG:colcon.colcon_core.shell:Skip shell extension 'dsv' for command environment
[0.456s] INFO:colcon.colcon_ros.task.ament_cmake.build:Building ROS package in '/home/server/dev_ws/src/my_bot' with build type 'ament_cmake'
[0.457s] INFO:colcon.colcon_cmake.task.cmake.build:Building CMake package in '/home/server/dev_ws/src/my_bot'
[0.458s] INFO:colcon.colcon_core.shell:Skip shell extension 'powershell' for command environment: Not usable outside of PowerShell
[0.458s] DEBUG:colcon.colcon_core.shell:Skip shell extension 'dsv' for command environment
[0.462s] INFO:colcon.colcon_ros.task.catkin.build:Building ROS package in '/home/server/dev_ws/src/realsense_gazebo_plugin' with build type 'catkin'
[0.462s] INFO:colcon.colcon_cmake.task.cmake.build:Building CMake package in '/home/server/dev_ws/src/realsense_gazebo_plugin'
[0.463s] INFO:colcon.colcon_core.shell:Skip shell extension 'powershell' for command environment: Not usable outside of PowerShell
[0.463s] DEBUG:colcon.colcon_core.shell:Skip shell extension 'dsv' for command environment
[0.471s] DEBUG:colcon.colcon_core.event_handler.log_command:Invoking command in '/home/server/dev_ws/build/realsense2_camera_msgs': CMAKE_PREFIX_PATH=/opt/ros/humble:${CMAKE_PREFIX_PATH} /usr/bin/cmake /home/server/dev_ws/src/realsense-ros-ros2-development/realsense2_camera_msgs -DCMAKE_INSTALL_PREFIX=/home/server/dev_ws/install/realsense2_camera_msgs
[0.475s] DEBUG:colcon.colcon_core.event_handler.log_command:Invoking command in '/home/server/dev_ws/build/my_bot': CMAKE_PREFIX_PATH=/opt/ros/humble:${CMAKE_PREFIX_PATH} /usr/bin/cmake --build /home/server/dev_ws/build/my_bot -- -j8 -l8
[0.479s] DEBUG:colcon.colcon_core.event_handler.log_command:Invoking command in '/home/server/dev_ws/build/realsense_gazebo_plugin': /usr/bin/cmake --build /home/server/dev_ws/build/realsense_gazebo_plugin -- -j8 -l8
[0.510s] DEBUG:colcon.colcon_core.event_handler.log_command:Invoked command in '/home/server/dev_ws/build/my_bot' returned '0': CMAKE_PREFIX_PATH=/opt/ros/humble:${CMAKE_PREFIX_PATH} /usr/bin/cmake --build /home/server/dev_ws/build/my_bot -- -j8 -l8
[0.539s] DEBUG:colcon.colcon_core.event_handler.log_command:Invoking command in '/home/server/dev_ws/build/my_bot': CMAKE_PREFIX_PATH=/opt/ros/humble:${CMAKE_PREFIX_PATH} /usr/bin/cmake --install /home/server/dev_ws/build/my_bot
[0.550s] Level 1:colcon.colcon_core.environment:create_environment_scripts_only(my_bot)
[0.557s] Level 1:colcon.colcon_core.environment:checking '/home/server/dev_ws/install/my_bot' for CMake module files
[0.558s] DEBUG:colcon.colcon_core.event_handler.log_command:Invoked command in '/home/server/dev_ws/build/my_bot' returned '0': CMAKE_PREFIX_PATH=/opt/ros/humble:${CMAKE_PREFIX_PATH} /usr/bin/cmake --install /home/server/dev_ws/build/my_bot
[0.558s] Level 1:colcon.colcon_core.environment:checking '/home/server/dev_ws/install/my_bot' for CMake config files
[0.558s] Level 1:colcon.colcon_core.shell:create_environment_hook('my_bot', 'cmake_prefix_path')
[0.560s] INFO:colcon.colcon_core.shell:Creating environment hook '/home/server/dev_ws/install/my_bot/share/my_bot/hook/cmake_prefix_path.ps1'
[0.561s] INFO:colcon.colcon_core.shell:Creating environment descriptor '/home/server/dev_ws/install/my_bot/share/my_bot/hook/cmake_prefix_path.dsv'
[0.561s] INFO:colcon.colcon_core.shell:Creating environment hook '/home/server/dev_ws/install/my_bot/share/my_bot/hook/cmake_prefix_path.sh'
[0.562s] Level 1:colcon.colcon_core.environment:checking '/home/server/dev_ws/install/my_bot/bin'
[0.562s] Level 1:colcon.colcon_core.environment:checking '/home/server/dev_ws/install/my_bot/lib/pkgconfig/my_bot.pc'
[0.563s] Level 1:colcon.colcon_core.environment:checking '/home/server/dev_ws/install/my_bot/lib/python3.10/site-packages'
[0.563s] Level 1:colcon.colcon_core.environment:checking '/home/server/dev_ws/install/my_bot/bin'
[0.564s] INFO:colcon.colcon_core.shell:Creating package script '/home/server/dev_ws/install/my_bot/share/my_bot/package.ps1'
[0.565s] INFO:colcon.colcon_core.shell:Creating package descriptor '/home/server/dev_ws/install/my_bot/share/my_bot/package.dsv'
[0.565s] INFO:colcon.colcon_core.shell:Creating package script '/home/server/dev_ws/install/my_bot/share/my_bot/package.sh'
[0.566s] INFO:colcon.colcon_core.shell:Creating package script '/home/server/dev_ws/install/my_bot/share/my_bot/package.bash'
[0.567s] INFO:colcon.colcon_core.shell:Creating package script '/home/server/dev_ws/install/my_bot/share/my_bot/package.zsh'
[0.567s] Level 1:colcon.colcon_core.environment:create_file_with_runtime_dependencies(/home/server/dev_ws/install/my_bot/share/colcon-core/packages/my_bot)
[0.572s] DEBUG:colcon.colcon_core.event_handler.log_command:Invoked command in '/home/server/dev_ws/build/realsense_gazebo_plugin' returned '0': /usr/bin/cmake --build /home/server/dev_ws/build/realsense_gazebo_plugin -- -j8 -l8
[0.590s] Level 1:colcon.colcon_core.environment:create_environment_scripts_only(my_bot)
[0.592s] Level 1:colcon.colcon_core.environment:checking '/home/server/dev_ws/install/my_bot' for CMake module files
[0.592s] Level 1:colcon.colcon_core.environment:checking '/home/server/dev_ws/install/my_bot' for CMake config files
[0.593s] Level 1:colcon.colcon_core.shell:create_environment_hook('my_bot', 'cmake_prefix_path')
[0.594s] INFO:colcon.colcon_core.shell:Creating environment hook '/home/server/dev_ws/install/my_bot/share/my_bot/hook/cmake_prefix_path.ps1'
[0.595s] INFO:colcon.colcon_core.shell:Creating environment descriptor '/home/server/dev_ws/install/my_bot/share/my_bot/hook/cmake_prefix_path.dsv'
[0.595s] INFO:colcon.colcon_core.shell:Creating environment hook '/home/server/dev_ws/install/my_bot/share/my_bot/hook/cmake_prefix_path.sh'
[0.596s] Level 1:colcon.colcon_core.environment:checking '/home/server/dev_ws/install/my_bot/bin'
[0.596s] Level 1:colcon.colcon_core.environment:checking '/home/server/dev_ws/install/my_bot/lib/pkgconfig/my_bot.pc'
[0.596s] Level 1:colcon.colcon_core.environment:checking '/home/server/dev_ws/install/my_bot/lib/python3.10/site-packages'
[0.596s] Level 1:colcon.colcon_core.environment:checking '/home/server/dev_ws/install/my_bot/bin'
[0.598s] INFO:colcon.colcon_core.shell:Creating package script '/home/server/dev_ws/install/my_bot/share/my_bot/package.ps1'
[0.598s] INFO:colcon.colcon_core.shell:Creating package descriptor '/home/server/dev_ws/install/my_bot/share/my_bot/package.dsv'
[0.599s] INFO:colcon.colcon_core.shell:Creating package script '/home/server/dev_ws/install/my_bot/share/my_bot/package.sh'
[0.599s] INFO:colcon.colcon_core.shell:Creating package script '/home/server/dev_ws/install/my_bot/share/my_bot/package.bash'
[0.599s] INFO:colcon.colcon_core.shell:Creating package script '/home/server/dev_ws/install/my_bot/share/my_bot/package.zsh'
[0.600s] Level 1:colcon.colcon_core.environment:create_file_with_runtime_dependencies(/home/server/dev_ws/install/my_bot/share/colcon-core/packages/my_bot)
[0.627s] DEBUG:colcon.colcon_core.event_handler.log_command:Invoking command in '/home/server/dev_ws/build/realsense_gazebo_plugin': /usr/bin/cmake --install /home/server/dev_ws/build/realsense_gazebo_plugin
[0.638s] DEBUG:colcon.colcon_core.event_handler.log_command:Invoked command in '/home/server/dev_ws/build/realsense_gazebo_plugin' returned '0': /usr/bin/cmake --install /home/server/dev_ws/build/realsense_gazebo_plugin
[0.663s] Level 1:colcon.colcon_core.shell:create_environment_hook('realsense_gazebo_plugin', 'ros_package_path')
[0.664s] INFO:colcon.colcon_core.shell:Creating environment hook '/home/server/dev_ws/install/realsense_gazebo_plugin/share/realsense_gazebo_plugin/hook/ros_package_path.ps1'
[0.665s] INFO:colcon.colcon_core.shell:Creating environment descriptor '/home/server/dev_ws/install/realsense_gazebo_plugin/share/realsense_gazebo_plugin/hook/ros_package_path.dsv'
[0.666s] INFO:colcon.colcon_core.shell:Creating environment hook '/home/server/dev_ws/install/realsense_gazebo_plugin/share/realsense_gazebo_plugin/hook/ros_package_path.sh'
[0.667s] Level 1:colcon.colcon_core.shell:create_environment_hook('realsense_gazebo_plugin', 'pkg_config_path')
[0.668s] INFO:colcon.colcon_core.shell:Creating environment hook '/home/server/dev_ws/install/realsense_gazebo_plugin/share/realsense_gazebo_plugin/hook/pkg_config_path.ps1'
[0.668s] INFO:colcon.colcon_core.shell:Creating environment descriptor '/home/server/dev_ws/install/realsense_gazebo_plugin/share/realsense_gazebo_plugin/hook/pkg_config_path.dsv'
[0.669s] INFO:colcon.colcon_core.shell:Creating environment hook '/home/server/dev_ws/install/realsense_gazebo_plugin/share/realsense_gazebo_plugin/hook/pkg_config_path.sh'
[0.670s] Level 1:colcon.colcon_core.shell:create_environment_hook('realsense_gazebo_plugin', 'pkg_config_path_multiarch')
[0.671s] INFO:colcon.colcon_core.shell:Creating environment hook '/home/server/dev_ws/install/realsense_gazebo_plugin/share/realsense_gazebo_plugin/hook/pkg_config_path_multiarch.ps1'
[0.672s] INFO:colcon.colcon_core.shell:Creating environment descriptor '/home/server/dev_ws/install/realsense_gazebo_plugin/share/realsense_gazebo_plugin/hook/pkg_config_path_multiarch.dsv'
[0.672s] INFO:colcon.colcon_core.shell:Creating environment hook '/home/server/dev_ws/install/realsense_gazebo_plugin/share/realsense_gazebo_plugin/hook/pkg_config_path_multiarch.sh'
[0.674s] Level 1:colcon.colcon_core.environment:create_environment_scripts_only(realsense_gazebo_plugin)
[0.676s] Level 1:colcon.colcon_core.environment:checking '/home/server/dev_ws/install/realsense_gazebo_plugin' for CMake module files
[0.676s] Level 1:colcon.colcon_core.environment:checking '/home/server/dev_ws/install/realsense_gazebo_plugin' for CMake config files
[0.676s] Level 1:colcon.colcon_core.shell:create_environment_hook('realsense_gazebo_plugin', 'cmake_prefix_path')
[0.677s] INFO:colcon.colcon_core.shell:Creating environment hook '/home/server/dev_ws/install/realsense_gazebo_plugin/share/realsense_gazebo_plugin/hook/cmake_prefix_path.ps1'
[0.678s] INFO:colcon.colcon_core.shell:Creating environment descriptor '/home/server/dev_ws/install/realsense_gazebo_plugin/share/realsense_gazebo_plugin/hook/cmake_prefix_path.dsv'
[0.678s] INFO:colcon.colcon_core.shell:Creating environment hook '/home/server/dev_ws/install/realsense_gazebo_plugin/share/realsense_gazebo_plugin/hook/cmake_prefix_path.sh'
[0.679s] Level 1:colcon.colcon_core.environment:checking '/home/server/dev_ws/install/realsense_gazebo_plugin/lib'
[0.679s] Level 1:colcon.colcon_core.shell:create_environment_hook('realsense_gazebo_plugin', 'ld_library_path_lib')
[0.680s] INFO:colcon.colcon_core.shell:Creating environment hook '/home/server/dev_ws/install/realsense_gazebo_plugin/share/realsense_gazebo_plugin/hook/ld_library_path_lib.ps1'
[0.680s] INFO:colcon.colcon_core.shell:Creating environment descriptor '/home/server/dev_ws/install/realsense_gazebo_plugin/share/realsense_gazebo_plugin/hook/ld_library_path_lib.dsv'
[0.681s] INFO:colcon.colcon_core.shell:Creating environment hook '/home/server/dev_ws/install/realsense_gazebo_plugin/share/realsense_gazebo_plugin/hook/ld_library_path_lib.sh'
[0.681s] Level 1:colcon.colcon_core.environment:checking '/home/server/dev_ws/install/realsense_gazebo_plugin/bin'
[0.681s] Level 1:colcon.colcon_core.environment:checking '/home/server/dev_ws/install/realsense_gazebo_plugin/lib/pkgconfig/realsense_gazebo_plugin.pc'
[0.681s] Level 1:colcon.colcon_core.environment:checking '/home/server/dev_ws/install/realsense_gazebo_plugin/lib/python3.10/site-packages'
[0.681s] Level 1:colcon.colcon_core.environment:checking '/home/server/dev_ws/install/realsense_gazebo_plugin/bin'
[0.683s] INFO:colcon.colcon_core.shell:Creating package script '/home/server/dev_ws/install/realsense_gazebo_plugin/share/realsense_gazebo_plugin/package.ps1'
[0.683s] INFO:colcon.colcon_core.shell:Creating package descriptor '/home/server/dev_ws/install/realsense_gazebo_plugin/share/realsense_gazebo_plugin/package.dsv'
[0.684s] INFO:colcon.colcon_core.shell:Creating package script '/home/server/dev_ws/install/realsense_gazebo_plugin/share/realsense_gazebo_plugin/package.sh'
[0.684s] INFO:colcon.colcon_core.shell:Creating package script '/home/server/dev_ws/install/realsense_gazebo_plugin/share/realsense_gazebo_plugin/package.bash'
[0.685s] INFO:colcon.colcon_core.shell:Creating package script '/home/server/dev_ws/install/realsense_gazebo_plugin/share/realsense_gazebo_plugin/package.zsh'
[0.685s] Level 1:colcon.colcon_core.environment:create_file_with_runtime_dependencies(/home/server/dev_ws/install/realsense_gazebo_plugin/share/colcon-core/packages/realsense_gazebo_plugin)
[2.464s] DEBUG:colcon.colcon_core.event_handler.log_command:Invoked command in '/home/server/dev_ws/build/realsense2_camera_msgs' returned '0': CMAKE_PREFIX_PATH=/opt/ros/humble:${CMAKE_PREFIX_PATH} /usr/bin/cmake /home/server/dev_ws/src/realsense-ros-ros2-development/realsense2_camera_msgs -DCMAKE_INSTALL_PREFIX=/home/server/dev_ws/install/realsense2_camera_msgs
[2.466s] DEBUG:colcon.colcon_core.event_handler.log_command:Invoking command in '/home/server/dev_ws/build/realsense2_camera_msgs': CMAKE_PREFIX_PATH=/opt/ros/humble:${CMAKE_PREFIX_PATH} /usr/bin/cmake --build /home/server/dev_ws/build/realsense2_camera_msgs -- -j8 -l8
[7.089s] DEBUG:colcon.colcon_core.event_handler.log_command:Invoked command in '/home/server/dev_ws/build/realsense2_camera_msgs' returned '0': CMAKE_PREFIX_PATH=/opt/ros/humble:${CMAKE_PREFIX_PATH} /usr/bin/cmake --build /home/server/dev_ws/build/realsense2_camera_msgs -- -j8 -l8
[7.201s] DEBUG:colcon.colcon_core.event_handler.log_command:Invoking command in '/home/server/dev_ws/build/realsense2_camera_msgs': CMAKE_PREFIX_PATH=/opt/ros/humble:${CMAKE_PREFIX_PATH} /usr/bin/cmake --install /home/server/dev_ws/build/realsense2_camera_msgs
[7.287s] Level 1:colcon.colcon_core.environment:create_environment_scripts_only(realsense2_camera_msgs)
[7.289s] Level 1:colcon.colcon_core.environment:checking '/home/server/dev_ws/install/realsense2_camera_msgs' for CMake module files
[7.289s] DEBUG:colcon.colcon_core.event_handler.log_command:Invoked command in '/home/server/dev_ws/build/realsense2_camera_msgs' returned '0': CMAKE_PREFIX_PATH=/opt/ros/humble:${CMAKE_PREFIX_PATH} /usr/bin/cmake --install /home/server/dev_ws/build/realsense2_camera_msgs
[7.290s] Level 1:colcon.colcon_core.environment:checking '/home/server/dev_ws/install/realsense2_camera_msgs' for CMake config files
[7.290s] Level 1:colcon.colcon_core.shell:create_environment_hook('realsense2_camera_msgs', 'cmake_prefix_path')
[7.292s] INFO:colcon.colcon_core.shell:Creating environment hook '/home/server/dev_ws/install/realsense2_camera_msgs/share/realsense2_camera_msgs/hook/cmake_prefix_path.ps1'
[7.292s] INFO:colcon.colcon_core.shell:Creating environment descriptor '/home/server/dev_ws/install/realsense2_camera_msgs/share/realsense2_camera_msgs/hook/cmake_prefix_path.dsv'
[7.292s] INFO:colcon.colcon_core.shell:Creating environment hook '/home/server/dev_ws/install/realsense2_camera_msgs/share/realsense2_camera_msgs/hook/cmake_prefix_path.sh'
[7.293s] Level 1:colcon.colcon_core.environment:checking '/home/server/dev_ws/install/realsense2_camera_msgs/lib'
[7.293s] Level 1:colcon.colcon_core.shell:create_environment_hook('realsense2_camera_msgs', 'ld_library_path_lib')
[7.294s] INFO:colcon.colcon_core.shell:Creating environment hook '/home/server/dev_ws/install/realsense2_camera_msgs/share/realsense2_camera_msgs/hook/ld_library_path_lib.ps1'
[7.294s] INFO:colcon.colcon_core.shell:Creating environment descriptor '/home/server/dev_ws/install/realsense2_camera_msgs/share/realsense2_camera_msgs/hook/ld_library_path_lib.dsv'
[7.295s] INFO:colcon.colcon_core.shell:Creating environment hook '/home/server/dev_ws/install/realsense2_camera_msgs/share/realsense2_camera_msgs/hook/ld_library_path_lib.sh'
[7.295s] Level 1:colcon.colcon_core.environment:checking '/home/server/dev_ws/install/realsense2_camera_msgs/bin'
[7.295s] Level 1:colcon.colcon_core.environment:checking '/home/server/dev_ws/install/realsense2_camera_msgs/lib/pkgconfig/realsense2_camera_msgs.pc'
[7.296s] Level 1:colcon.colcon_core.environment:checking '/home/server/dev_ws/install/realsense2_camera_msgs/lib/python3.10/site-packages'
[7.296s] Level 1:colcon.colcon_core.environment:checking '/home/server/dev_ws/install/realsense2_camera_msgs/bin'
[7.297s] INFO:colcon.colcon_core.shell:Creating package script '/home/server/dev_ws/install/realsense2_camera_msgs/share/realsense2_camera_msgs/package.ps1'
[7.298s] INFO:colcon.colcon_core.shell:Creating package descriptor '/home/server/dev_ws/install/realsense2_camera_msgs/share/realsense2_camera_msgs/package.dsv'
[7.298s] INFO:colcon.colcon_core.shell:Creating package script '/home/server/dev_ws/install/realsense2_camera_msgs/share/realsense2_camera_msgs/package.sh'
[7.298s] INFO:colcon.colcon_core.shell:Creating package script '/home/server/dev_ws/install/realsense2_camera_msgs/share/realsense2_camera_msgs/package.bash'
[7.299s] INFO:colcon.colcon_core.shell:Creating package script '/home/server/dev_ws/install/realsense2_camera_msgs/share/realsense2_camera_msgs/package.zsh'
[7.299s] Level 1:colcon.colcon_core.environment:create_file_with_runtime_dependencies(/home/server/dev_ws/install/realsense2_camera_msgs/share/colcon-core/packages/realsense2_camera_msgs)
[7.409s] Level 1:colcon.colcon_core.environment:create_environment_scripts_only(realsense2_camera_msgs)
[7.412s] Level 1:colcon.colcon_core.environment:checking '/home/server/dev_ws/install/realsense2_camera_msgs' for CMake module files
[7.412s] Level 1:colcon.colcon_core.environment:checking '/home/server/dev_ws/install/realsense2_camera_msgs' for CMake config files
[7.413s] Level 1:colcon.colcon_core.shell:create_environment_hook('realsense2_camera_msgs', 'cmake_prefix_path')
[7.414s] INFO:colcon.colcon_core.shell:Creating environment hook '/home/server/dev_ws/install/realsense2_camera_msgs/share/realsense2_camera_msgs/hook/cmake_prefix_path.ps1'
[7.414s] INFO:colcon.colcon_core.shell:Creating environment descriptor '/home/server/dev_ws/install/realsense2_camera_msgs/share/realsense2_camera_msgs/hook/cmake_prefix_path.dsv'
[7.415s] INFO:colcon.colcon_core.shell:Creating environment hook '/home/server/dev_ws/install/realsense2_camera_msgs/share/realsense2_camera_msgs/hook/cmake_prefix_path.sh'
[7.415s] Level 1:colcon.colcon_core.environment:checking '/home/server/dev_ws/install/realsense2_camera_msgs/lib'
[7.415s] Level 1:colcon.colcon_core.shell:create_environment_hook('realsense2_camera_msgs', 'ld_library_path_lib')
[7.416s] INFO:colcon.colcon_core.shell:Creating environment hook '/home/server/dev_ws/install/realsense2_camera_msgs/share/realsense2_camera_msgs/hook/ld_library_path_lib.ps1'
[7.417s] INFO:colcon.colcon_core.shell:Creating environment descriptor '/home/server/dev_ws/install/realsense2_camera_msgs/share/realsense2_camera_msgs/hook/ld_library_path_lib.dsv'
[7.417s] INFO:colcon.colcon_core.shell:Creating environment hook '/home/server/dev_ws/install/realsense2_camera_msgs/share/realsense2_camera_msgs/hook/ld_library_path_lib.sh'
[7.417s] Level 1:colcon.colcon_core.environment:checking '/home/server/dev_ws/install/realsense2_camera_msgs/bin'
[7.417s] Level 1:colcon.colcon_core.environment:checking '/home/server/dev_ws/install/realsense2_camera_msgs/lib/pkgconfig/realsense2_camera_msgs.pc'
[7.418s] Level 1:colcon.colcon_core.environment:checking '/home/server/dev_ws/install/realsense2_camera_msgs/lib/python3.10/site-packages'
[7.418s] Level 1:colcon.colcon_core.environment:checking '/home/server/dev_ws/install/realsense2_camera_msgs/bin'
[7.419s] INFO:colcon.colcon_core.shell:Creating package script '/home/server/dev_ws/install/realsense2_camera_msgs/share/realsense2_camera_msgs/package.ps1'
[7.419s] INFO:colcon.colcon_core.shell:Creating package descriptor '/home/server/dev_ws/install/realsense2_camera_msgs/share/realsense2_camera_msgs/package.dsv'
[7.420s] INFO:colcon.colcon_core.shell:Creating package script '/home/server/dev_ws/install/realsense2_camera_msgs/share/realsense2_camera_msgs/package.sh'
[7.420s] INFO:colcon.colcon_core.shell:Creating package script '/home/server/dev_ws/install/realsense2_camera_msgs/share/realsense2_camera_msgs/package.bash'
[7.421s] INFO:colcon.colcon_core.shell:Creating package script '/home/server/dev_ws/install/realsense2_camera_msgs/share/realsense2_camera_msgs/package.zsh'
[7.421s] Level 1:colcon.colcon_core.environment:create_file_with_runtime_dependencies(/home/server/dev_ws/install/realsense2_camera_msgs/share/colcon-core/packages/realsense2_camera_msgs)
[7.421s] INFO:colcon.colcon_ros.task.ament_cmake.build:Building ROS package in '/home/server/dev_ws/src/realsense-ros-ros2-development/realsense2_camera' with build type 'ament_cmake'
[7.421s] INFO:colcon.colcon_cmake.task.cmake.build:Building CMake package in '/home/server/dev_ws/src/realsense-ros-ros2-development/realsense2_camera'
[7.423s] INFO:colcon.colcon_core.shell:Skip shell extension 'powershell' for command environment: Not usable outside of PowerShell
[7.423s] DEBUG:colcon.colcon_core.shell:Skip shell extension 'dsv' for command environment
[7.428s] INFO:colcon.colcon_ros.task.ament_cmake.build:Building ROS package in '/home/server/dev_ws/src/realsense-ros-ros2-development/realsense2_description' with build type 'ament_cmake'
[7.428s] INFO:colcon.colcon_cmake.task.cmake.build:Building CMake package in '/home/server/dev_ws/src/realsense-ros-ros2-development/realsense2_description'
[7.429s] INFO:colcon.colcon_core.shell:Skip shell extension 'powershell' for command environment: Not usable outside of PowerShell
[7.430s] DEBUG:colcon.colcon_core.shell:Skip shell extension 'dsv' for command environment
[7.439s] DEBUG:colcon.colcon_core.event_handler.log_command:Invoking command in '/home/server/dev_ws/build/realsense2_camera': AMENT_PREFIX_PATH=/home/server/dev_ws/install/realsense2_camera_msgs:${AMENT_PREFIX_PATH} CMAKE_PREFIX_PATH=/home/server/dev_ws/install/realsense2_camera_msgs:/opt/ros/humble:${CMAKE_PREFIX_PATH} LD_LIBRARY_PATH=/home/server/dev_ws/install/realsense2_camera_msgs/lib:${LD_LIBRARY_PATH} PYTHONPATH=/home/server/dev_ws/install/realsense2_camera_msgs/local/lib/python3.10/dist-packages:${PYTHONPATH} /usr/bin/cmake /home/server/dev_ws/src/realsense-ros-ros2-development/realsense2_camera -DCMAKE_INSTALL_PREFIX=/home/server/dev_ws/install/realsense2_camera
[7.441s] DEBUG:colcon.colcon_core.event_handler.log_command:Invoking command in '/home/server/dev_ws/build/realsense2_description': AMENT_PREFIX_PATH=/home/server/dev_ws/install/realsense2_camera_msgs:${AMENT_PREFIX_PATH} CMAKE_PREFIX_PATH=/home/server/dev_ws/install/realsense2_camera_msgs:/opt/ros/humble:${CMAKE_PREFIX_PATH} LD_LIBRARY_PATH=/home/server/dev_ws/install/realsense2_camera_msgs/lib:${LD_LIBRARY_PATH} PYTHONPATH=/home/server/dev_ws/install/realsense2_camera_msgs/local/lib/python3.10/dist-packages:${PYTHONPATH} /usr/bin/cmake /home/server/dev_ws/src/realsense-ros-ros2-development/realsense2_description -DCMAKE_INSTALL_PREFIX=/home/server/dev_ws/install/realsense2_description
[7.448s] DEBUG:colcon.colcon_core.event_handler.log_command:Invoked command in '/home/server/dev_ws/build/realsense2_camera' returned '1': AMENT_PREFIX_PATH=/home/server/dev_ws/install/realsense2_camera_msgs:${AMENT_PREFIX_PATH} CMAKE_PREFIX_PATH=/home/server/dev_ws/install/realsense2_camera_msgs:/opt/ros/humble:${CMAKE_PREFIX_PATH} LD_LIBRARY_PATH=/home/server/dev_ws/install/realsense2_camera_msgs/lib:${LD_LIBRARY_PATH} PYTHONPATH=/home/server/dev_ws/install/realsense2_camera_msgs/local/lib/python3.10/dist-packages:${PYTHONPATH} /usr/bin/cmake /home/server/dev_ws/src/realsense-ros-ros2-development/realsense2_camera -DCMAKE_INSTALL_PREFIX=/home/server/dev_ws/install/realsense2_camera
[7.460s] Level 1:colcon.colcon_core.environment:create_environment_scripts_only(realsense2_camera)
[7.463s] Level 1:colcon.colcon_core.environment:checking '/home/server/dev_ws/install/realsense2_camera' for CMake module files
[7.463s] Level 1:colcon.colcon_core.environment:checking '/home/server/dev_ws/install/realsense2_camera' for CMake config files
[7.464s] Level 1:colcon.colcon_core.environment:checking '/home/server/dev_ws/install/realsense2_camera/bin'
[7.464s] Level 1:colcon.colcon_core.environment:checking '/home/server/dev_ws/install/realsense2_camera/lib/pkgconfig/realsense2_camera.pc'
[7.464s] Level 1:colcon.colcon_core.environment:checking '/home/server/dev_ws/install/realsense2_camera/lib/python3.10/site-packages'
[7.464s] Level 1:colcon.colcon_core.environment:checking '/home/server/dev_ws/install/realsense2_camera/bin'
[7.465s] INFO:colcon.colcon_core.shell:Creating package script '/home/server/dev_ws/install/realsense2_camera/share/realsense2_camera/package.ps1'
[7.466s] INFO:colcon.colcon_core.shell:Creating package descriptor '/home/server/dev_ws/install/realsense2_camera/share/realsense2_camera/package.dsv'
[7.466s] INFO:colcon.colcon_core.shell:Creating package script '/home/server/dev_ws/install/realsense2_camera/share/realsense2_camera/package.sh'
[7.467s] INFO:colcon.colcon_core.shell:Creating package script '/home/server/dev_ws/install/realsense2_camera/share/realsense2_camera/package.bash'
[7.467s] INFO:colcon.colcon_core.shell:Creating package script '/home/server/dev_ws/install/realsense2_camera/share/realsense2_camera/package.zsh'
[7.467s] Level 1:colcon.colcon_core.environment:create_file_with_runtime_dependencies(/home/server/dev_ws/install/realsense2_camera/share/colcon-core/packages/realsense2_camera)
[8.035s] DEBUG:colcon.colcon_parallel_executor.executor.parallel:closing loop
[8.036s] DEBUG:colcon.colcon_parallel_executor.executor.parallel:loop closed
[8.036s] DEBUG:colcon.colcon_parallel_executor.executor.parallel:run_until_complete finished with '1'
[8.036s] DEBUG:colcon.colcon_core.event_reactor:joining thread
[8.043s] INFO:colcon.colcon_core.plugin_system:Skipping extension 'colcon_notification.desktop_notification.terminal_notifier': Not used on non-Darwin systems
[8.044s] INFO:colcon.colcon_core.plugin_system:Skipping extension 'colcon_notification.desktop_notification.win32': Not used on non-Windows systems
[8.044s] INFO:colcon.colcon_notification.desktop_notification:Sending desktop notification using 'notify2'
[8.056s] DEBUG:colcon.colcon_core.event_reactor:joined thread
[8.058s] INFO:colcon.colcon_core.shell:Creating prefix script '/home/server/dev_ws/install/local_setup.ps1'
[8.059s] INFO:colcon.colcon_core.shell:Creating prefix util module '/home/server/dev_ws/install/_local_setup_util_ps1.py'
[8.060s] INFO:colcon.colcon_core.shell:Creating prefix chain script '/home/server/dev_ws/install/setup.ps1'
[8.061s] INFO:colcon.colcon_core.shell:Creating prefix script '/home/server/dev_ws/install/local_setup.sh'
[8.062s] INFO:colcon.colcon_core.shell:Creating prefix util module '/home/server/dev_ws/install/_local_setup_util_sh.py'
[8.062s] INFO:colcon.colcon_core.shell:Creating prefix chain script '/home/server/dev_ws/install/setup.sh'
[8.063s] INFO:colcon.colcon_core.shell:Creating prefix script '/home/server/dev_ws/install/local_setup.bash'
[8.064s] INFO:colcon.colcon_core.shell:Creating prefix chain script '/home/server/dev_ws/install/setup.bash'
[8.065s] INFO:colcon.colcon_core.shell:Creating prefix script '/home/server/dev_ws/install/local_setup.zsh'
[8.066s] INFO:colcon.colcon_core.shell:Creating prefix chain script '/home/server/dev_ws/install/setup.zsh'
