[0.017s] Invoking command in '/home/server/dev_ws/build/realsense2_camera': CMAKE_PREFIX_PATH=/opt/ros/humble:${CMAKE_PREFIX_PATH} /usr/bin/cmake /home/server/dev_ws/src/realsense2_camera -DCMAKE_INSTALL_PREFIX=/home/server/dev_ws/install/realsense2_camera
[0.119s] -- The C compiler identification is GNU 11.4.0
[0.205s] -- The CXX compiler identification is GNU 11.4.0
[0.215s] -- Detecting C compiler ABI info
[0.278s] -- Detecting C compiler ABI info - done
[0.285s] -- Check for working C compiler: /usr/bin/cc - skipped
[0.285s] -- Detecting C compile features
[0.286s] -- Detecting C compile features - done
[0.289s] -- Detecting CXX compiler ABI info
[0.360s] -- Detecting CXX compiler ABI info - done
[0.367s] -- Check for working CXX compiler: /usr/bin/c++ - skipped
[0.368s] -- Detecting CXX compile features
[0.368s] -- Detecting CXX compile features - done
[0.369s] -- Create Release Build.
[0.372s] -- Found ament_cmake: 1.3.5 (/opt/ros/humble/share/ament_cmake/cmake)
[0.528s] -- Found Python3: /usr/bin/python3.10 (found version "3.10.12") found components: Interpreter 
[0.618s] -- Found builtin_interfaces: 1.2.1 (/opt/ros/humble/share/builtin_interfaces/cmake)
[0.653s] -- Found rosidl_generator_c: 3.1.5 (/opt/ros/humble/share/rosidl_generator_c/cmake)
[0.659s] -- Found rosidl_adapter: 3.1.5 (/opt/ros/humble/share/rosidl_adapter/cmake)
[0.668s] -- Found rosidl_generator_cpp: 3.1.5 (/opt/ros/humble/share/rosidl_generator_cpp/cmake)
[0.683s] -- Using all available rosidl_typesupport_c: rosidl_typesupport_fastrtps_c;rosidl_typesupport_introspection_c
[0.704s] -- Using all available rosidl_typesupport_cpp: rosidl_typesupport_fastrtps_cpp;rosidl_typesupport_introspection_cpp
[0.723s] -- Found cv_bridge: 3.2.1 (/opt/ros/humble/share/cv_bridge/cmake)
[0.965s] -- Found image_transport: 3.1.7 (/opt/ros/humble/share/image_transport/cmake)
[1.044s] -- Found rmw_implementation_cmake: 6.1.1 (/opt/ros/humble/share/rmw_implementation_cmake/cmake)
[1.048s] -- Found rmw_fastrtps_cpp: 6.2.3 (/opt/ros/humble/share/rmw_fastrtps_cpp/cmake)
[1.177s] -- Found OpenSSL: /usr/lib/x86_64-linux-gnu/libcrypto.so (found version "3.0.2")  
[1.217s] -- Found FastRTPS: /opt/ros/humble/include  
[1.264s] -- Using RMW implementation 'rmw_fastrtps_cpp' as default
[1.277s] -- Looking for pthread.h
[1.348s] -- Looking for pthread.h - found
[1.349s] -- Performing Test CMAKE_HAVE_LIBC_PTHREAD
[1.419s] -- Performing Test CMAKE_HAVE_LIBC_PTHREAD - Success
[1.420s] -- Found Threads: TRUE  
[1.641s] -- Found rclcpp_components: 16.0.5 (/opt/ros/humble/share/rclcpp_components/cmake)
[1.704s] [31mCMake Error at CMakeLists.txt:111 (find_package):
[1.704s]   By not providing "Findrealsense2_camera_msgs.cmake" in CMAKE_MODULE_PATH
[1.704s]   this project has asked CMake to find a package configuration file provided
[1.704s]   by "realsense2_camera_msgs", but CMake did not find one.
[1.704s] 
[1.704s]   Could not find a package configuration file provided by
[1.705s]   "realsense2_camera_msgs" with any of the following names:
[1.705s] 
[1.705s]     realsense2_camera_msgsConfig.cmake
[1.705s]     realsense2_camera_msgs-config.cmake
[1.705s] 
[1.705s]   Add the installation prefix of "realsense2_camera_msgs" to
[1.705s]   CMAKE_PREFIX_PATH or set "realsense2_camera_msgs_DIR" to a directory
[1.705s]   containing one of the above files.  If "realsense2_camera_msgs" provides a
[1.705s]   separate development package or SDK, be sure it has been installed.
[1.705s] 
[1.705s] [0m
[1.705s] -- Configuring incomplete, errors occurred!
[1.705s] See also "/home/server/dev_ws/build/realsense2_camera/CMakeFiles/CMakeOutput.log".
[1.716s] Invoked command in '/home/server/dev_ws/build/realsense2_camera' returned '1': CMAKE_PREFIX_PATH=/opt/ros/humble:${CMAKE_PREFIX_PATH} /usr/bin/cmake /home/server/dev_ws/src/realsense2_camera -DCMAKE_INSTALL_PREFIX=/home/server/dev_ws/install/realsense2_camera
