[0.009s] Invoking command in '/home/server/dev_ws/build/realsense_gazebo_plugin': /usr/bin/cmake /home/server/dev_ws/src/realsense_gazebo_plugin -DCATKIN_INSTALL_INTO_PREFIX_ROOT=0 -DCMAKE_INSTALL_PREFIX=/home/server/dev_ws/install/realsense_gazebo_plugin
[0.020s] -- Found ament_cmake: 1.3.5 (/opt/ros/humble/share/ament_cmake/cmake)
[0.146s] -- Found rclcpp: 16.0.5 (/opt/ros/humble/share/rclcpp/cmake)
[0.172s] -- Found rosidl_generator_c: 3.1.5 (/opt/ros/humble/share/rosidl_generator_c/cmake)
[0.175s] -- Found rosidl_adapter: 3.1.5 (/opt/ros/humble/share/rosidl_adapter/cmake)
[0.180s] -- Found rosidl_generator_cpp: 3.1.5 (/opt/ros/humble/share/rosidl_generator_cpp/cmake)
[0.190s] -- Using all available rosidl_typesupport_c: rosidl_typesupport_fastrtps_c;rosidl_typesupport_introspection_c
[0.205s] -- Using all available rosidl_typesupport_cpp: rosidl_typesupport_fastrtps_cpp;rosidl_typesupport_introspection_cpp
[0.259s] -- Found rmw_implementation_cmake: 6.1.1 (/opt/ros/humble/share/rmw_implementation_cmake/cmake)
[0.260s] -- Found rmw_fastrtps_cpp: 6.2.3 (/opt/ros/humble/share/rmw_fastrtps_cpp/cmake)
[0.360s] -- Using RMW implementation 'rmw_fastrtps_cpp' as default
[0.503s] -- Found gazebo_ros: 3.7.0 (/opt/ros/humble/share/gazebo_ros/cmake)
[0.530s] -- Found DART: /usr/include (Required is at least version "6.6") found components: dart 
[0.553s] -- Found Protobuf: /usr/lib/x86_64-linux-gnu/libprotobuf.so (found version "3.12.4") 
[0.555s] -- Looking for ignition-math6 -- found version 6.12.0
[0.558s] -- Searching for dependencies of ignition-math6
[0.560s] -- Looking for OGRE...
[0.564s] -- Found Ogre Ghadamon (1.9.0)
[0.564s] -- Found OGRE: optimized;/usr/lib/x86_64-linux-gnu/libOgreMain.so;debug;/usr/lib/x86_64-linux-gnu/libOgreMain.so
[0.572s] -- Looking for OGRE_Paging...
[0.572s] -- Found OGRE_Paging: optimized;/usr/lib/x86_64-linux-gnu/libOgrePaging.so;debug;/usr/lib/x86_64-linux-gnu/libOgrePaging.so
[0.573s] -- Looking for OGRE_Terrain...
[0.573s] -- Found OGRE_Terrain: optimized;/usr/lib/x86_64-linux-gnu/libOgreTerrain.so;debug;/usr/lib/x86_64-linux-gnu/libOgreTerrain.so
[0.573s] -- Looking for OGRE_Property...
[0.573s] -- Found OGRE_Property: optimized;/usr/lib/x86_64-linux-gnu/libOgreProperty.so;debug;/usr/lib/x86_64-linux-gnu/libOgreProperty.so
[0.573s] -- Looking for OGRE_RTShaderSystem...
[0.573s] -- Found OGRE_RTShaderSystem: optimized;/usr/lib/x86_64-linux-gnu/libOgreRTShaderSystem.so;debug;/usr/lib/x86_64-linux-gnu/libOgreRTShaderSystem.so
[0.573s] -- Looking for OGRE_Volume...
[0.573s] -- Found OGRE_Volume: optimized;/usr/lib/x86_64-linux-gnu/libOgreVolume.so;debug;/usr/lib/x86_64-linux-gnu/libOgreVolume.so
[0.573s] -- Looking for OGRE_Overlay...
[0.573s] -- Found OGRE_Overlay: optimized;/usr/lib/x86_64-linux-gnu/libOgreOverlay.so;debug;/usr/lib/x86_64-linux-gnu/libOgreOverlay.so
[0.651s] -- Looking for ignition-math6 -- found version 6.12.0
[0.652s] -- Looking for ignition-transport8 -- found version 8.2.1
[0.652s] -- Searching for dependencies of ignition-transport8
[0.666s] -- Found Protobuf: /usr/lib/x86_64-linux-gnu/libprotobuf.so (found suitable version "3.12.4", minimum required is "3") 
[0.674s] -- Config-file not installed for ZeroMQ -- checking for pkg-config
[0.678s] -- Checking for module 'libzmq >= 4'
[0.688s] --   Found libzmq , version 4.3.4
[0.719s] -- Checking for module 'uuid'
[0.728s] --   Found uuid, version 2.37.2
[0.752s] -- Looking for ignition-msgs5 -- found version 5.8.1
[0.753s] -- Searching for dependencies of ignition-msgs5
[0.768s] -- Looking for ignition-math6 -- found version 6.12.0
[0.772s] -- Checking for module 'tinyxml2'
[0.781s] --   Found tinyxml2, version 9.0.0
[0.806s] -- Looking for ignition-msgs5 -- found version 5.8.1
[0.806s] -- Looking for ignition-common3 -- found version 3.14.0
[0.807s] -- Searching for dependencies of ignition-common3
[0.807s] -- Looking for dlfcn.h - found
[0.807s] -- Looking for libdl - found
[0.817s] -- Searching for <ignition-common3> component [graphics]
[0.817s] -- Looking for ignition-common3-graphics -- found version 3.14.0
[0.817s] -- Searching for dependencies of ignition-common3-graphics
[0.818s] -- Looking for ignition-math6 -- found version 6.12.0
[0.819s] -- Looking for ignition-fuel_tools4 -- found version 4.4.0
[0.819s] -- Searching for dependencies of ignition-fuel_tools4
[0.849s] -- Checking for module 'jsoncpp'
[0.859s] --   Found jsoncpp, version 1.9.5
[0.887s] -- Checking for module 'libzip'
[0.896s] --   Found libzip, version 1.7.3
[0.921s] -- Looking for ignition-common3 -- found version 3.14.0
[0.921s] -- Looking for ignition-math6 -- found version 6.12.0
[0.922s] -- Looking for ignition-msgs5 -- found version 5.8.1
[0.923s] -- Gazebo version: 11.10
[0.928s] -- Found image_transport: 3.1.7 (/opt/ros/humble/share/image_transport/cmake)
[1.086s] [31mCMake Error at CMakeLists.txt:21 (find_package):
[1.086s]   By not providing "Findcamera_info_manager.cmake" in CMAKE_MODULE_PATH this
[1.086s]   project has asked CMake to find a package configuration file provided by
[1.086s]   "camera_info_manager", but CMake did not find one.
[1.086s] 
[1.086s]   Could not find a package configuration file provided by
[1.086s]   "camera_info_manager" with any of the following names:
[1.086s] 
[1.086s]     camera_info_managerConfig.cmake
[1.086s]     camera_info_manager-config.cmake
[1.086s] 
[1.086s]   Add the installation prefix of "camera_info_manager" to CMAKE_PREFIX_PATH
[1.086s]   or set "camera_info_manager_DIR" to a directory containing one of the above
[1.087s]   files.  If "camera_info_manager" provides a separate development package or
[1.087s]   SDK, be sure it has been installed.
[1.087s] 
[1.087s] [0m
[1.087s] -- Configuring incomplete, errors occurred!
[1.087s] See also "/home/server/dev_ws/build/realsense_gazebo_plugin/CMakeFiles/CMakeOutput.log".
[1.098s] Invoked command in '/home/server/dev_ws/build/realsense_gazebo_plugin' returned '1': /usr/bin/cmake /home/server/dev_ws/src/realsense_gazebo_plugin -DCATKIN_INSTALL_INTO_PREFIX_ROOT=0 -DCMAKE_INSTALL_PREFIX=/home/server/dev_ws/install/realsense_gazebo_plugin
